14:27:29.625 [main                     ] DEBUG Logger               - Configured Logger
14:27:29.630 [main                     ] DEBUG GameApplication      - Logging settings
Title: Simple Sword Fight
Version: 0.1
Width: 800
Height: 600
Fullscreen: false
Intro: false
Profiling: false
Single step:false
App Mode: DEVELOPER
Menu Key: ESCAPE
Stage Style: DECORATED
Scene Factory: class com.almasb.fxgl.app.scene.SceneFactory

14:27:30.350 [JavaFX Application Thread] DEBUG FXGLApplication      - Initializing FXGL
14:27:30.352 [JavaFX Application Thread] INFO  Engine               - FXGL-17.3 (30.03.2023 11.49) on WINDOWS (J:25 FX:21.0.6)
14:27:30.352 [JavaFX Application Thread] DEBUG Engine               - JRE Vendor Name: Oracle Corporation
14:27:30.352 [JavaFX Application Thread] DEBUG Engine               - Running on OS: Windows 11 version 10.0
14:27:30.352 [JavaFX Application Thread] DEBUG Engine               - Architecture: amd64
14:27:30.352 [JavaFX Application Thread] INFO  Engine               - Source code and latest versions at: https://github.com/AlmasB/FXGL
14:27:30.352 [JavaFX Application Thread] INFO  Engine               -       Ask questions and discuss at: https://github.com/AlmasB/FXGL/discussions
14:27:30.352 [JavaFX Application Thread] INFO  Engine               -              Join the FXGL chat at: https://gitter.im/AlmasB/FXGL
14:27:30.436 [JavaFX Application Thread] DEBUG PrimaryStageWindow   - Creating a JavaFX scene
14:27:30.480 [JavaFX Application Thread] DEBUG PrimaryStageWindow   - Target settings size: 800.0 x 600.0
14:27:30.480 [JavaFX Application Thread] DEBUG PrimaryStageWindow   - Scaled scene size:    800.0 x 600.0
14:27:30.480 [JavaFX Application Thread] DEBUG PrimaryStageWindow   - Scaled ratio: (1.0, 1.0)
14:27:30.480 [JavaFX Application Thread] DEBUG PrimaryStageWindow   - Set initial scene to FXGLStartupScene
14:27:30.482 [JavaFX Application Thread] DEBUG PrimaryStageWindow   - Opening main window
14:27:30.639 [JavaFX Application Thread] DEBUG PrimaryStageWindow   - Window border size: (16.0, 39.0)
14:27:30.639 [JavaFX Application Thread] DEBUG PrimaryStageWindow   - Scaled size: 800.0 x 600.0
14:27:30.639 [JavaFX Application Thread] DEBUG PrimaryStageWindow   - Scaled ratio: (1.0, 1.0)
14:27:30.639 [JavaFX Application Thread] DEBUG PrimaryStageWindow   - Scene size: 800.0 x 600.0
14:27:30.639 [JavaFX Application Thread] DEBUG PrimaryStageWindow   - Stage size: 816.0 x 639.0
14:27:30.645 [FXGL Background Thread 1 ] DEBUG Engine               - Initializing environment variables
14:27:30.700 [FXGL Background Thread 1 ] DEBUG FXGLAssetLoaderServi - User app class for loading assets: class com.example.testgame.SwordGameApp
14:27:30.700 [FXGL Background Thread 1 ] DEBUG GameApplicationServi - Applying CSS: fxgl_dark.css
14:27:30.701 [FXGL Background Thread 1 ] DEBUG FXGLAssetLoaderServi - Loading from file system: jar:file:///C:/Users/lukas.KOHLFUERST/.m2/repository/com/github/almasb/fxgl/17.3/fxgl-17.3.jar!/fxglassets/ui/css/fxgl_dark.css
14:27:30.754 [FXGL Background Thread 1 ] DEBUG GameApplicationServi - Initializing application scenes
14:27:30.790 [FXGL Background Thread 1 ] DEBUG GameWorld            - Game world initialized
14:27:30.852 [FXGL Background Thread 1 ] DEBUG PhysicsWorld         - Physics world initialized: appHeight=600, physics.ppm=50,0
14:27:30.852 [FXGL Background Thread 1 ] DEBUG PhysicsWorld         - Using strategy: BRUTE_FORCE
14:27:30.858 [FXGL Background Thread 1 ] DEBUG GameScene            - Game scene initialized: 800x600
14:27:30.871 [FXGL Background Thread 1 ] DEBUG FXGL.DefaultMenu     - createMenuBodyGameMenu()
14:27:30.891 [FXGL Background Thread 1 ] DEBUG FXGL.DefaultMenu     - createOptionsMenu()
14:27:30.904 [FXGL Background Thread 1 ] DEBUG FXGLAssetLoaderServi - Loading from file system: jar:file:///C:/Users/lukas.KOHLFUERST/.m2/repository/com/github/almasb/fxgl/17.3/fxgl-17.3.jar!/fxglassets/textures/particles/smoke.png
14:27:30.996 [FXGL Background Thread 1 ] DEBUG FXGLAssetLoaderServi - Loading from file system: jar:file:///C:/Users/lukas.KOHLFUERST/.m2/repository/com/github/almasb/fxgl/17.3/fxgl-17.3.jar!/fxglassets/textures/particles/trace_horizontal.png
14:27:31.035 [FXGL Background Thread 1 ] DEBUG GameApplicationServi - Application scenes initialized
14:27:31.047 [FXGL Background Thread 1 ] DEBUG SystemBundleService  - Loading FXGL system data
14:27:31.051 [FXGL Background Thread 1 ] DEBUG FileSystemAccess     - Reading from: C:\LBS4\INF\test\testgame\system\fxgl.bundle
14:27:31.058 [FXGL Background Thread 1 ] DEBUG SystemBundleService  - Bundle FXGL: {}
14:27:31.059 [FXGL Background Thread 1 ] DEBUG UpdaterService       - Checking for updates
14:27:31.063 [FXGL Background Thread 4 ] DEBUG FXGLApplication      - Loading fonts
14:27:31.063 [FXGL Background Thread 4 ] DEBUG FXGLAssetLoaderServi - Loading from file system: jar:file:///C:/Users/lukas.KOHLFUERST/.m2/repository/com/github/almasb/fxgl/17.3/fxgl-17.3.jar!/fxglassets/ui/fonts/VarelaRound-Regular.ttf
14:27:31.063 [FXGL Background Thread 1 ] DEBUG FXGLApplication      - Loading default localization
14:27:31.064 [FXGL Background Thread 1 ] DEBUG FXGLAssetLoaderServi - Loading from file system: jar:file:///C:/Users/lukas.KOHLFUERST/.m2/repository/com/github/almasb/fxgl/17.3/fxgl-17.3.jar!/fxglassets/languages/english.lang
14:27:31.080 [FXGL Background Thread 1 ] INFO  FXGLApplication      - FXGL initialization took: 0,435 sec
14:27:31.094 [JavaFX Application Thread] DEBUG Input                - Registered new binding: P1 Move Left - A
14:27:31.094 [JavaFX Application Thread] DEBUG Input                - Registered new binding: P1 Move Right - D
14:27:31.095 [JavaFX Application Thread] DEBUG Input                - Registered new binding: P1 Attack - LMB
14:27:31.095 [JavaFX Application Thread] DEBUG Input                - Registered new binding: P1 Parry - RMB
14:27:31.096 [JavaFX Application Thread] DEBUG Input                - Registered new binding: P2 Move Left - Left
14:27:31.096 [JavaFX Application Thread] DEBUG Input                - Registered new binding: P2 Move Right - Right
14:27:31.096 [JavaFX Application Thread] DEBUG Input                - Registered new binding: P2 Attack - Enter
14:27:31.096 [JavaFX Application Thread] DEBUG Input                - Registered new binding: P2 Parry - Numpad 0
14:27:31.096 [JavaFX Application Thread] DEBUG FXGLAssetLoaderServi - Loading from file system: jar:file:///C:/Users/lukas.KOHLFUERST/.m2/repository/com/github/almasb/fxgl/17.3/fxgl-17.3.jar!/fxglassets/textures/fxgl_icon.png
14:27:31.125 [JavaFX Application Thread] DEBUG FXGLAssetLoaderServi - Loading from file system: jar:file:///C:/Users/lukas.KOHLFUERST/.m2/repository/com/github/almasb/fxgl/17.3/fxgl-17.3.jar!/fxglassets/textures/fxgl_default_cursor.png
14:27:31.128 [JavaFX Application Thread] DEBUG Input                - Registered new binding: Screenshot - CTRL+8
14:27:31.129 [JavaFX Application Thread] DEBUG Input                - Registered new binding: System info dump - CTRL+9
14:27:31.129 [JavaFX Application Thread] DEBUG Input                - Registered new binding: Restart - CTRL+R
14:27:31.130 [JavaFX Application Thread] DEBUG Input                - Registered new binding: Toggle Debug Camera - CTRL+7
14:27:31.134 [JavaFX Application Thread] DEBUG LoopRunner           - Starting loop
14:27:31.134 [JavaFX Application Thread] DEBUG LoopRunner           - Initializing JavaFX AnimationTimerLoop
14:27:31.134 [FXGL Background Thread 4 ] DEBUG FXGLAssetLoaderServi - Loading from file system: jar:file:///C:/Users/lukas.KOHLFUERST/.m2/repository/com/github/almasb/fxgl/17.3/fxgl-17.3.jar!/fxglassets/ui/fonts/Abel-Regular.ttf
14:27:31.135 [JavaFX Application Thread] DEBUG GameApplicationServi - Starting new game
14:27:31.136 [JavaFX Application Thread] DEBUG Input                - Clearing active input actions
14:27:31.144 [FXGL Background Thread 4 ] DEBUG FXGLAssetLoaderServi - Loading from file system: jar:file:///C:/Users/lukas.KOHLFUERST/.m2/repository/com/github/almasb/fxgl/17.3/fxgl-17.3.jar!/fxglassets/ui/fonts/TerminalLandMono-Regular.otf
14:27:31.149 [JavaFX Application Thread] DEBUG GameApplicationServi - Removing overlay from FXGLStartupScene and adding to FXGLLoadingScene
14:27:31.150 [JavaFX Application Thread] DEBUG PrimaryStageWindow   - FXGLStartupScene -> FXGLLoadingScene
14:27:31.150 [JavaFX Application Thread] DEBUG GameApplicationServi - Clearing previous game
14:27:31.150 [JavaFX Application Thread] DEBUG GameScene            - Clearing game scene
14:27:31.150 [JavaFX Application Thread] DEBUG GameWorld            - Clearing game world
14:27:31.150 [JavaFX Application Thread] DEBUG PhysicsWorld         - Clearing physics world
14:27:31.152 [FXGL Background Thread 1 ] DEBUG FXGLApplication      - Initializing game
14:27:31.159 [FXGL Background Thread 4 ] DEBUG FXGLAssetLoaderServi - Loading from file system: jar:file:///C:/Users/lukas.KOHLFUERST/.m2/repository/com/github/almasb/fxgl/17.3/fxgl-17.3.jar!/fxglassets/ui/fonts/Courier-Prime.ttf
14:27:31.186 [FXGL Background Thread 1 ] DEBUG FXGLAssetLoaderServi - Loading from file system: file:/C:/LBS4/INF/test/testgame/target/classes/assets/textures/Idle.png
14:27:31.218 [JavaFX Application Thread] DEBUG FXGLApplication      - Registering font factories with UI factory
14:27:31.220 [FXGL Background Thread 1 ] DEBUG FXGLAssetLoaderServi - Loading from file system: file:/C:/LBS4/INF/test/testgame/target/classes/assets/textures/Attack.png
14:27:31.261 [FXGL Background Thread 1 ] DEBUG FXGLAssetLoaderServi - Loading from file system: file:/C:/LBS4/INF/test/testgame/target/classes/assets/textures/Parry.png
14:27:31.293 [FXGL Background Thread 1 ] INFO  FXGLApplication      - Game initialization took: 0,141 sec
14:27:31.319 [JavaFX Application Thread] DEBUG Input                - Clearing active input actions
14:27:31.333 [JavaFX Application Thread] DEBUG GameApplicationServi - Removing overlay from FXGLLoadingScene and adding to GameScene
14:27:31.333 [JavaFX Application Thread] DEBUG PrimaryStageWindow   - FXGLLoadingScene -> GameScene
14:27:31.497 [JavaFX Application Thread] DEBUG PrimaryStageWindow   - Push state: DialogSubScene
14:27:31.498 [JavaFX Application Thread] DEBUG Input                - Clearing active input actions
14:27:31.501 [JavaFX Application Thread] DEBUG GameApplicationServi - Removing overlay from GameScene and adding to DialogSubScene
14:27:31.501 [JavaFX Application Thread] DEBUG PrimaryStageWindow   - GameScene -> DialogSubScene
14:27:31.731 [FXGL Background Thread 2 ] INFO  UpdaterService       - Your current version:  17.3
14:27:31.731 [FXGL Background Thread 2 ] INFO  UpdaterService       - Latest stable version: 25
14:27:32.547 [JavaFX Application Thread] DEBUG PrimaryStageWindow   - Pop state: DialogSubScene
14:27:32.548 [JavaFX Application Thread] DEBUG Input                - Clearing active input actions
14:27:32.548 [JavaFX Application Thread] DEBUG GameApplicationServi - Removing overlay from DialogSubScene and adding to GameScene
14:27:32.548 [JavaFX Application Thread] DEBUG PrimaryStageWindow   - GameScene <- DialogSubScene
14:27:32.549 [JavaFX Application Thread] DEBUG PrimaryStageWindow   - Push state: DialogSubScene
14:27:32.549 [JavaFX Application Thread] DEBUG Input                - Clearing active input actions
14:27:32.550 [JavaFX Application Thread] DEBUG GameApplicationServi - Removing overlay from GameScene and adding to DialogSubScene
14:27:32.550 [JavaFX Application Thread] DEBUG PrimaryStageWindow   - GameScene -> DialogSubScene
14:27:33.369 [JavaFX Application Thread] DEBUG PrimaryStageWindow   - Pop state: DialogSubScene
14:27:33.369 [JavaFX Application Thread] DEBUG Input                - Clearing active input actions
14:27:33.369 [JavaFX Application Thread] DEBUG GameApplicationServi - Removing overlay from DialogSubScene and adding to GameScene
14:27:33.369 [JavaFX Application Thread] DEBUG PrimaryStageWindow   - GameScene <- DialogSubScene
14:27:33.387 [ServerAsyncConnThread    ] DEBUG TCPServer            - Starting to listen at: 55555 type: class com.almasb.fxgl.core.serialization.Bundle
14:27:34.063 [FXGL Background Thread 3 ] DEBUG Engine               - Logging environment variables
14:27:34.063 [FXGL Background Thread 3 ] DEBUG Engine               - achievements: []
14:27:34.063 [FXGL Background Thread 3 ] DEBUG Engine               - actualHeight: 600.0
14:27:34.063 [FXGL Background Thread 3 ] DEBUG Engine               - actualHeightProperty: ReadOnlyDoubleProperty [value: 600.0]
14:27:34.063 [FXGL Background Thread 3 ] DEBUG Engine               - actualWidth: 800.0
14:27:34.063 [FXGL Background Thread 3 ] DEBUG Engine               - actualWidthProperty: ReadOnlyDoubleProperty [value: 800.0]
14:27:34.063 [FXGL Background Thread 3 ] DEBUG Engine               - appIcon: fxgl_icon.png
14:27:34.063 [FXGL Background Thread 3 ] DEBUG Engine               - applicationMode: DEVELOPER
14:27:34.063 [FXGL Background Thread 3 ] DEBUG Engine               - cSSList: [fxgl_dark.css]
14:27:34.063 [FXGL Background Thread 3 ] DEBUG Engine               - collisionDetectionStrategy: BRUTE_FORCE
14:27:34.063 [FXGL Background Thread 3 ] DEBUG Engine               - configClass: Optional.empty
14:27:34.063 [FXGL Background Thread 3 ] DEBUG Engine               - credits: []
14:27:34.064 [FXGL Background Thread 3 ] DEBUG Engine               - defaultCursor: CursorInfo(imageName=fxgl_default_cursor.png, hotspotX=7.0, hotspotY=6.0)
14:27:34.064 [FXGL Background Thread 3 ] DEBUG Engine               - devBBoxColorProperty: ObjectProperty [value: 0xff0000ff]
14:27:34.064 [FXGL Background Thread 3 ] DEBUG Engine               - devEnableDebugCameraProperty: BooleanProperty [value: false]
14:27:34.064 [FXGL Background Thread 3 ] DEBUG Engine               - devSensorColorProperty: ObjectProperty [value: 0xffff00ff]
14:27:34.064 [FXGL Background Thread 3 ] DEBUG Engine               - devShowBBoxProperty: BooleanProperty [value: false]
14:27:34.064 [FXGL Background Thread 3 ] DEBUG Engine               - devShowPositionProperty: BooleanProperty [value: false]
14:27:34.064 [FXGL Background Thread 3 ] DEBUG Engine               - enabledMenuItems: []
14:27:34.064 [FXGL Background Thread 3 ] DEBUG Engine               - engineServices: [class com.almasb.fxgl.app.services.FXGLAssetLoaderService, class com.almasb.fxgl.app.FXGLApplication$GameApplicationService, class com.almasb.fxgl.app.services.FXGLDialogService, class com.almasb.fxgl.app.services.IOTaskExecutorService, class com.almasb.fxgl.io.FileSystemService, class com.almasb.fxgl.localization.LocalizationService, class com.almasb.fxgl.app.services.SystemBundleService, class com.almasb.fxgl.profile.SaveLoadService, class com.almasb.fxgl.ui.FXGLUIFactoryServiceProvider, class com.almasb.fxgl.ui.FXGLDialogFactoryServiceProvider, class com.almasb.fxgl.audio.AudioPlayer, class com.almasb.fxgl.notification.impl.NotificationServiceProvider, class com.almasb.fxgl.achievement.AchievementService, class com.almasb.fxgl.cutscene.CutsceneService, class com.almasb.fxgl.minigames.MiniGameService, class com.almasb.fxgl.net.NetService, class com.almasb.fxgl.app.services.UpdaterService, class com.almasb.fxgl.dev.DevService]
14:27:34.064 [FXGL Background Thread 3 ] DEBUG Engine               - fontGame: Abel-Regular.ttf
14:27:34.064 [FXGL Background Thread 3 ] DEBUG Engine               - fontMono: TerminalLandMono-Regular.otf
14:27:34.064 [FXGL Background Thread 3 ] DEBUG Engine               - fontSizeScaleUI: 1.0
14:27:34.064 [FXGL Background Thread 3 ] DEBUG Engine               - fontText: Courier-Prime.ttf
14:27:34.064 [FXGL Background Thread 3 ] DEBUG Engine               - fontUI: VarelaRound-Regular.ttf
14:27:34.064 [FXGL Background Thread 3 ] DEBUG Engine               - fullScreen: BooleanProperty [value: false]
14:27:34.064 [FXGL Background Thread 3 ] DEBUG Engine               - gameDifficulty: MEDIUM
14:27:34.064 [FXGL Background Thread 3 ] DEBUG Engine               - gameDifficultyProperty: ObjectProperty [value: MEDIUM]
14:27:34.064 [FXGL Background Thread 3 ] DEBUG Engine               - globalMusicVolume: 0.5
14:27:34.064 [FXGL Background Thread 3 ] DEBUG Engine               - globalMusicVolumeProperty: DoubleProperty [value: 0.5]
14:27:34.064 [FXGL Background Thread 3 ] DEBUG Engine               - globalSoundVolume: 0.5
14:27:34.064 [FXGL Background Thread 3 ] DEBUG Engine               - globalSoundVolumeProperty: DoubleProperty [value: 0.5]
14:27:34.064 [FXGL Background Thread 3 ] DEBUG Engine               - height: 600
14:27:34.064 [FXGL Background Thread 3 ] DEBUG Engine               - is3D: false
14:27:34.064 [FXGL Background Thread 3 ] DEBUG Engine               - isAndroid: false
14:27:34.064 [FXGL Background Thread 3 ] DEBUG Engine               - isBrowser: false
14:27:34.064 [FXGL Background Thread 3 ] DEBUG Engine               - isClickFeedbackEnabled: false
14:27:34.064 [FXGL Background Thread 3 ] DEBUG Engine               - isCloseConfirmation: false
14:27:34.064 [FXGL Background Thread 3 ] DEBUG Engine               - isDesktop: true
14:27:34.064 [FXGL Background Thread 3 ] DEBUG Engine               - isDeveloperMenuEnabled: false
14:27:34.064 [FXGL Background Thread 3 ] DEBUG Engine               - isEmbedded: false
14:27:34.064 [FXGL Background Thread 3 ] DEBUG Engine               - isEntityPreloadEnabled: true
14:27:34.064 [FXGL Background Thread 3 ] DEBUG Engine               - isExperimentalTiledLargeMap: false
14:27:34.064 [FXGL Background Thread 3 ] DEBUG Engine               - isFileSystemWriteAllowed: true
14:27:34.064 [FXGL Background Thread 3 ] DEBUG Engine               - isFullScreenAllowed: false
14:27:34.064 [FXGL Background Thread 3 ] DEBUG Engine               - isFullScreenFromStart: false
14:27:34.064 [FXGL Background Thread 3 ] DEBUG Engine               - isGameMenuEnabled: true
14:27:34.064 [FXGL Background Thread 3 ] DEBUG Engine               - isIOS: false
14:27:34.064 [FXGL Background Thread 3 ] DEBUG Engine               - isIntroEnabled: false
14:27:34.064 [FXGL Background Thread 3 ] DEBUG Engine               - isLinux: false
14:27:34.064 [FXGL Background Thread 3 ] DEBUG Engine               - isMac: false
14:27:34.064 [FXGL Background Thread 3 ] DEBUG Engine               - isMainMenuEnabled: false
14:27:34.064 [FXGL Background Thread 3 ] DEBUG Engine               - isManualResizeEnabled: false
14:27:34.064 [FXGL Background Thread 3 ] DEBUG Engine               - isMobile: false
14:27:34.064 [FXGL Background Thread 3 ] DEBUG Engine               - isNative: false
14:27:34.064 [FXGL Background Thread 3 ] DEBUG Engine               - isPauseMusicWhenMinimized: true
14:27:34.064 [FXGL Background Thread 3 ] DEBUG Engine               - isPreserveResizeRatio: false
14:27:34.064 [FXGL Background Thread 3 ] DEBUG Engine               - isProfilingEnabled: false
14:27:34.064 [FXGL Background Thread 3 ] DEBUG Engine               - isScaleAffectedOnResize: true
14:27:34.064 [FXGL Background Thread 3 ] DEBUG Engine               - isSingleStep: false
14:27:34.064 [FXGL Background Thread 3 ] DEBUG Engine               - isUserProfileEnabled: false
14:27:34.064 [FXGL Background Thread 3 ] DEBUG Engine               - isWindows: true
14:27:34.064 [FXGL Background Thread 3 ] DEBUG Engine               - language: ObjectProperty [value: ENGLISH]
14:27:34.064 [FXGL Background Thread 3 ] DEBUG Engine               - menuKey: ESCAPE
14:27:34.064 [FXGL Background Thread 3 ] DEBUG Engine               - mouseSensitivity: 0.2
14:27:34.064 [FXGL Background Thread 3 ] DEBUG Engine               - notificationViewClass: class com.almasb.fxgl.notification.view.XboxNotificationView
14:27:34.064 [FXGL Background Thread 3 ] DEBUG Engine               - pixelsPerMeter: 50.0
14:27:34.064 [FXGL Background Thread 3 ] DEBUG Engine               - platform: WINDOWS
14:27:34.064 [FXGL Background Thread 3 ] DEBUG Engine               - prefHeightProperty: ReadOnlyDoubleProperty [value: 600.0]
14:27:34.064 [FXGL Background Thread 3 ] DEBUG Engine               - prefWidthProperty: ReadOnlyDoubleProperty [value: 800.0]
14:27:34.064 [FXGL Background Thread 3 ] DEBUG Engine               - profileDir: profiles/
14:27:34.064 [FXGL Background Thread 3 ] DEBUG Engine               - profileName: StringProperty [value: DEFAULT]
14:27:34.064 [FXGL Background Thread 3 ] DEBUG Engine               - randomSeed: -1
14:27:34.064 [FXGL Background Thread 3 ] DEBUG Engine               - runtimeInfo: RuntimeInfo(platform=WINDOWS, version=17.3, build=30.03.2023 11.49)
14:27:34.064 [FXGL Background Thread 3 ] DEBUG Engine               - saveFileExt: sav
14:27:34.064 [FXGL Background Thread 3 ] DEBUG Engine               - scaledHeightProp$fxgl: DoubleProperty [bound, value: 600.0]
14:27:34.064 [FXGL Background Thread 3 ] DEBUG Engine               - scaledWidthProp$fxgl: DoubleProperty [bound, value: 800.0]
14:27:34.064 [FXGL Background Thread 3 ] DEBUG Engine               - sceneFactory: com.almasb.fxgl.app.scene.SceneFactory@ccd3b2a
14:27:34.064 [FXGL Background Thread 3 ] DEBUG Engine               - secondsIn24h: 60
14:27:34.064 [FXGL Background Thread 3 ] DEBUG Engine               - soundMenuBack: menu/back.wav
14:27:34.064 [FXGL Background Thread 3 ] DEBUG Engine               - soundMenuPress: menu/press.wav
14:27:34.065 [FXGL Background Thread 3 ] DEBUG Engine               - soundMenuSelect: menu/select.wav
14:27:34.065 [FXGL Background Thread 3 ] DEBUG Engine               - soundNotification: core/notification.wav
14:27:34.065 [FXGL Background Thread 3 ] DEBUG Engine               - stageStyle: DECORATED
14:27:34.065 [FXGL Background Thread 3 ] DEBUG Engine               - supportedLanguages: [ENGLISH, FRENCH, GERMAN, HUNGARIAN, RUSSIAN]
14:27:34.065 [FXGL Background Thread 3 ] DEBUG Engine               - ticksPerSecond: -1
14:27:34.065 [FXGL Background Thread 3 ] DEBUG Engine               - title: Simple Sword Fight
14:27:34.065 [FXGL Background Thread 3 ] DEBUG Engine               - urlGithub: https://github.com/AlmasB/FXGL
14:27:34.065 [FXGL Background Thread 3 ] DEBUG Engine               - urlLeaderboard: http://fxgl-top.herokuapp.com/
14:27:34.065 [FXGL Background Thread 3 ] DEBUG Engine               - urlPOM: https://raw.githubusercontent.com/AlmasB/FXGL/release/README.md
14:27:34.065 [FXGL Background Thread 3 ] DEBUG Engine               - userAppClass: class com.example.testgame.SwordGameApp
14:27:34.065 [FXGL Background Thread 3 ] DEBUG Engine               - version: 0.1
14:27:34.065 [FXGL Background Thread 3 ] DEBUG Engine               - versionCheckDays: 7
14:27:34.065 [FXGL Background Thread 3 ] DEBUG Engine               - width: 800
14:27:34.065 [FXGL Background Thread 3 ] DEBUG Engine               - Logging services
14:27:34.065 [FXGL Background Thread 3 ] DEBUG Engine               - class com.almasb.fxgl.app.services.FXGLAssetLoaderService
14:27:34.065 [FXGL Background Thread 3 ] DEBUG Engine               - class com.almasb.fxgl.app.FXGLApplication$GameApplicationService
14:27:34.065 [FXGL Background Thread 3 ] DEBUG Engine               - class com.almasb.fxgl.app.services.FXGLDialogService
14:27:34.065 [FXGL Background Thread 3 ] DEBUG Engine               - class com.almasb.fxgl.app.services.IOTaskExecutorService
14:27:34.065 [FXGL Background Thread 3 ] DEBUG Engine               - class com.almasb.fxgl.io.FileSystemService
14:27:34.065 [FXGL Background Thread 3 ] DEBUG Engine               - class com.almasb.fxgl.localization.LocalizationService
14:27:34.065 [FXGL Background Thread 3 ] DEBUG Engine               - class com.almasb.fxgl.app.services.SystemBundleService
14:27:34.065 [FXGL Background Thread 3 ] DEBUG Engine               - class com.almasb.fxgl.profile.SaveLoadService
14:27:34.065 [FXGL Background Thread 3 ] DEBUG Engine               - class com.almasb.fxgl.ui.FXGLUIFactoryServiceProvider
14:27:34.065 [FXGL Background Thread 3 ] DEBUG Engine               - class com.almasb.fxgl.ui.FXGLDialogFactoryServiceProvider
14:27:34.065 [FXGL Background Thread 3 ] DEBUG Engine               - class com.almasb.fxgl.audio.AudioPlayer
14:27:34.065 [FXGL Background Thread 3 ] DEBUG Engine               - class com.almasb.fxgl.notification.impl.NotificationServiceProvider
14:27:34.065 [FXGL Background Thread 3 ] DEBUG Engine               - class com.almasb.fxgl.achievement.AchievementService
14:27:34.065 [FXGL Background Thread 3 ] DEBUG Engine               - class com.almasb.fxgl.cutscene.CutsceneService
14:27:34.065 [FXGL Background Thread 3 ] DEBUG Engine               - class com.almasb.fxgl.minigames.MiniGameService
14:27:34.065 [FXGL Background Thread 3 ] DEBUG Engine               - class com.almasb.fxgl.net.NetService
14:27:34.065 [FXGL Background Thread 3 ] DEBUG Engine               - class com.almasb.fxgl.app.services.UpdaterService
14:27:34.065 [FXGL Background Thread 3 ] DEBUG Engine               - class com.almasb.fxgl.dev.DevService
14:27:35.252 [JavaFX Application Thread] DEBUG FXGLApplication      - Exiting FXGL
14:27:35.252 [JavaFX Application Thread] DEBUG LoopRunner           - Stopping loop
14:27:35.252 [JavaFX Application Thread] DEBUG SystemBundleService  - Saving FXGL system data
14:27:35.256 [JavaFX Application Thread] DEBUG FileSystemAccess     - Writing to: C:\LBS4\INF\test\testgame\system\fxgl.bundle
14:27:35.259 [JavaFX Application Thread] DEBUG Async                - Shutting down background threads
14:27:35.259 [JavaFX Application Thread] DEBUG PrimaryStageWindow   - Closing main window
14:27:35.289 [JavaFX Application Thread] DEBUG Logger               - Closing Logger
