10:36:53.042 [main                     ] DEBUG Logger               - Configured Logger
10:36:53.048 [main                     ] DEBUG GameApplication      - Logging settings
Title: Simple Sword Fight
Version: 0.1
Width: 800
Height: 600
Fullscreen: false
Intro: false
Profiling: false
Single step:false
App Mode: DEVELOPER
Menu Key: ESCAPE
Stage Style: DECORATED
Scene Factory: class com.almasb.fxgl.app.scene.SceneFactory

10:36:53.575 [JavaFX Application Thread] DEBUG FXGLApplication      - Initializing FXGL
10:36:53.577 [JavaFX Application Thread] INFO  Engine               - FXGL-17.3 (30.03.2023 11.49) on WINDOWS (J:25 FX:21.0.6)
10:36:53.578 [JavaFX Application Thread] DEBUG Engine               - JRE Vendor Name: Oracle Corporation
10:36:53.578 [JavaFX Application Thread] DEBUG Engine               - Running on OS: Windows 11 version 10.0
10:36:53.578 [JavaFX Application Thread] DEBUG Engine               - Architecture: amd64
10:36:53.578 [JavaFX Application Thread] INFO  Engine               - Source code and latest versions at: https://github.com/AlmasB/FXGL
10:36:53.578 [JavaFX Application Thread] INFO  Engine               -       Ask questions and discuss at: https://github.com/AlmasB/FXGL/discussions
10:36:53.578 [JavaFX Application Thread] INFO  Engine               -              Join the FXGL chat at: https://gitter.im/AlmasB/FXGL
10:36:53.656 [JavaFX Application Thread] DEBUG PrimaryStageWindow   - Creating a JavaFX scene
10:36:53.702 [JavaFX Application Thread] DEBUG PrimaryStageWindow   - Target settings size: 800.0 x 600.0
10:36:53.702 [JavaFX Application Thread] DEBUG PrimaryStageWindow   - Scaled scene size:    800.0 x 600.0
10:36:53.702 [JavaFX Application Thread] DEBUG PrimaryStageWindow   - Scaled ratio: (1.0, 1.0)
10:36:53.703 [JavaFX Application Thread] DEBUG PrimaryStageWindow   - Set initial scene to FXGLStartupScene
10:36:53.705 [JavaFX Application Thread] DEBUG PrimaryStageWindow   - Opening main window
10:36:53.813 [JavaFX Application Thread] DEBUG PrimaryStageWindow   - Window border size: (14.4000244140625, 37.5999755859375)
10:36:53.813 [JavaFX Application Thread] DEBUG PrimaryStageWindow   - Scaled size: 800.0 x 600.0
10:36:53.813 [JavaFX Application Thread] DEBUG PrimaryStageWindow   - Scaled ratio: (1.0, 1.0)
10:36:53.813 [JavaFX Application Thread] DEBUG PrimaryStageWindow   - Scene size: 800.0 x 600.0
10:36:53.814 [JavaFX Application Thread] DEBUG PrimaryStageWindow   - Stage size: 814.4000244140625 x 637.5999755859375
10:36:53.818 [FXGL Background Thread 1 ] DEBUG Engine               - Initializing environment variables
10:36:53.857 [FXGL Background Thread 1 ] DEBUG FXGLAssetLoaderServi - User app class for loading assets: class com.example.testgame.SwordGameApp
10:36:53.857 [FXGL Background Thread 1 ] DEBUG GameApplicationServi - Applying CSS: fxgl_dark.css
10:36:53.858 [FXGL Background Thread 1 ] DEBUG FXGLAssetLoaderServi - Loading from file system: jar:file:///C:/Users/lukas.KOHLFUERST/.m2/repository/com/github/almasb/fxgl/17.3/fxgl-17.3.jar!/fxglassets/ui/css/fxgl_dark.css
10:36:53.891 [FXGL Background Thread 1 ] DEBUG GameApplicationServi - Initializing application scenes
10:36:53.917 [FXGL Background Thread 1 ] DEBUG GameWorld            - Game world initialized
10:36:53.962 [FXGL Background Thread 1 ] DEBUG PhysicsWorld         - Physics world initialized: appHeight=600, physics.ppm=50,0
10:36:53.962 [FXGL Background Thread 1 ] DEBUG PhysicsWorld         - Using strategy: BRUTE_FORCE
10:36:53.965 [FXGL Background Thread 1 ] DEBUG GameScene            - Game scene initialized: 800x600
10:36:53.974 [FXGL Background Thread 1 ] DEBUG FXGL.DefaultMenu     - createMenuBodyGameMenu()
10:36:53.985 [FXGL Background Thread 1 ] DEBUG FXGL.DefaultMenu     - createOptionsMenu()
10:36:53.992 [FXGL Background Thread 1 ] DEBUG FXGLAssetLoaderServi - Loading from file system: jar:file:///C:/Users/lukas.KOHLFUERST/.m2/repository/com/github/almasb/fxgl/17.3/fxgl-17.3.jar!/fxglassets/textures/particles/smoke.png
10:36:54.058 [FXGL Background Thread 1 ] DEBUG FXGLAssetLoaderServi - Loading from file system: jar:file:///C:/Users/lukas.KOHLFUERST/.m2/repository/com/github/almasb/fxgl/17.3/fxgl-17.3.jar!/fxglassets/textures/particles/trace_horizontal.png
10:36:54.090 [FXGL Background Thread 1 ] DEBUG GameApplicationServi - Application scenes initialized
10:36:54.101 [FXGL Background Thread 1 ] DEBUG SystemBundleService  - Loading FXGL system data
10:36:54.104 [FXGL Background Thread 1 ] DEBUG FileSystemAccess     - Reading from: C:\LBS4\INF\test\testgame\system\fxgl.bundle
10:36:54.111 [FXGL Background Thread 1 ] DEBUG SystemBundleService  - Bundle FXGL: {}
10:36:54.111 [FXGL Background Thread 1 ] DEBUG UpdaterService       - Checking for updates
10:36:54.115 [FXGL Background Thread 4 ] DEBUG FXGLApplication      - Loading fonts
10:36:54.115 [FXGL Background Thread 1 ] DEBUG FXGLApplication      - Loading default localization
10:36:54.115 [FXGL Background Thread 4 ] DEBUG FXGLAssetLoaderServi - Loading from file system: jar:file:///C:/Users/lukas.KOHLFUERST/.m2/repository/com/github/almasb/fxgl/17.3/fxgl-17.3.jar!/fxglassets/ui/fonts/VarelaRound-Regular.ttf
10:36:54.116 [FXGL Background Thread 1 ] DEBUG FXGLAssetLoaderServi - Loading from file system: jar:file:///C:/Users/lukas.KOHLFUERST/.m2/repository/com/github/almasb/fxgl/17.3/fxgl-17.3.jar!/fxglassets/languages/english.lang
10:36:54.131 [FXGL Background Thread 1 ] INFO  FXGLApplication      - FXGL initialization took: 0,314 sec
10:36:54.141 [JavaFX Application Thread] DEBUG Input                - Registered new binding: P1 Move Left - A
10:36:54.142 [JavaFX Application Thread] DEBUG Input                - Registered new binding: P1 Move Right - D
10:36:54.143 [JavaFX Application Thread] DEBUG Input                - Registered new binding: P1 Attack - LMB
10:36:54.143 [JavaFX Application Thread] DEBUG Input                - Registered new binding: P1 Parry - RMB
10:36:54.143 [JavaFX Application Thread] DEBUG Input                - Registered new binding: P2 Move Left - Left
10:36:54.144 [JavaFX Application Thread] DEBUG Input                - Registered new binding: P2 Move Right - Right
10:36:54.144 [JavaFX Application Thread] DEBUG Input                - Registered new binding: P2 Attack - Enter
10:36:54.144 [JavaFX Application Thread] DEBUG Input                - Registered new binding: P2 Parry - Numpad 0
10:36:54.145 [JavaFX Application Thread] DEBUG FXGLAssetLoaderServi - Loading from file system: jar:file:///C:/Users/lukas.KOHLFUERST/.m2/repository/com/github/almasb/fxgl/17.3/fxgl-17.3.jar!/fxglassets/textures/fxgl_icon.png
10:36:54.164 [JavaFX Application Thread] DEBUG FXGLAssetLoaderServi - Loading from file system: jar:file:///C:/Users/lukas.KOHLFUERST/.m2/repository/com/github/almasb/fxgl/17.3/fxgl-17.3.jar!/fxglassets/textures/fxgl_default_cursor.png
10:36:54.166 [JavaFX Application Thread] DEBUG Input                - Registered new binding: Screenshot - CTRL+8
10:36:54.167 [JavaFX Application Thread] DEBUG Input                - Registered new binding: System info dump - CTRL+9
10:36:54.167 [JavaFX Application Thread] DEBUG Input                - Registered new binding: Restart - CTRL+R
10:36:54.167 [JavaFX Application Thread] DEBUG Input                - Registered new binding: Toggle Debug Camera - CTRL+7
10:36:54.170 [JavaFX Application Thread] DEBUG LoopRunner           - Starting loop
10:36:54.170 [JavaFX Application Thread] DEBUG LoopRunner           - Initializing JavaFX AnimationTimerLoop
10:36:54.170 [FXGL Background Thread 4 ] DEBUG FXGLAssetLoaderServi - Loading from file system: jar:file:///C:/Users/lukas.KOHLFUERST/.m2/repository/com/github/almasb/fxgl/17.3/fxgl-17.3.jar!/fxglassets/ui/fonts/Abel-Regular.ttf
10:36:54.170 [JavaFX Application Thread] DEBUG GameApplicationServi - Starting new game
10:36:54.171 [JavaFX Application Thread] DEBUG Input                - Clearing active input actions
10:36:54.177 [FXGL Background Thread 4 ] DEBUG FXGLAssetLoaderServi - Loading from file system: jar:file:///C:/Users/lukas.KOHLFUERST/.m2/repository/com/github/almasb/fxgl/17.3/fxgl-17.3.jar!/fxglassets/ui/fonts/TerminalLandMono-Regular.otf
10:36:54.183 [JavaFX Application Thread] DEBUG GameApplicationServi - Removing overlay from FXGLStartupScene and adding to FXGLLoadingScene
10:36:54.184 [JavaFX Application Thread] DEBUG PrimaryStageWindow   - FXGLStartupScene -> FXGLLoadingScene
10:36:54.184 [JavaFX Application Thread] DEBUG GameApplicationServi - Clearing previous game
10:36:54.184 [JavaFX Application Thread] DEBUG GameScene            - Clearing game scene
10:36:54.184 [JavaFX Application Thread] DEBUG GameWorld            - Clearing game world
10:36:54.184 [JavaFX Application Thread] DEBUG PhysicsWorld         - Clearing physics world
10:36:54.185 [FXGL Background Thread 4 ] DEBUG FXGLAssetLoaderServi - Loading from file system: jar:file:///C:/Users/lukas.KOHLFUERST/.m2/repository/com/github/almasb/fxgl/17.3/fxgl-17.3.jar!/fxglassets/ui/fonts/Courier-Prime.ttf
10:36:54.186 [FXGL Background Thread 1 ] DEBUG FXGLApplication      - Initializing game
10:36:54.211 [FXGL Background Thread 1 ] DEBUG FXGLAssetLoaderServi - Loading from file system: file:/C:/LBS4/INF/test/testgame/target/classes/assets/textures/Idle.png
10:36:54.224 [FXGL Background Thread 1 ] DEBUG FXGLAssetLoaderServi - Loading from file system: file:/C:/LBS4/INF/test/testgame/target/classes/assets/textures/Attack.png
10:36:54.233 [JavaFX Application Thread] DEBUG FXGLApplication      - Registering font factories with UI factory
10:36:54.235 [FXGL Background Thread 1 ] DEBUG FXGLAssetLoaderServi - Loading from file system: file:/C:/LBS4/INF/test/testgame/target/classes/assets/textures/Parry.png
10:36:54.268 [FXGL Background Thread 1 ] INFO  FXGLApplication      - Game initialization took: 0,083 sec
10:36:54.299 [JavaFX Application Thread] DEBUG Input                - Clearing active input actions
10:36:54.307 [JavaFX Application Thread] DEBUG GameApplicationServi - Removing overlay from FXGLLoadingScene and adding to GameScene
10:36:54.307 [JavaFX Application Thread] DEBUG PrimaryStageWindow   - FXGLLoadingScene -> GameScene
10:36:54.447 [JavaFX Application Thread] DEBUG PrimaryStageWindow   - Push state: DialogSubScene
10:36:54.447 [JavaFX Application Thread] DEBUG Input                - Clearing active input actions
10:36:54.450 [JavaFX Application Thread] DEBUG GameApplicationServi - Removing overlay from GameScene and adding to DialogSubScene
10:36:54.450 [JavaFX Application Thread] DEBUG PrimaryStageWindow   - GameScene -> DialogSubScene
10:36:54.589 [FXGL Background Thread 2 ] INFO  UpdaterService       - Your current version:  17.3
10:36:54.589 [FXGL Background Thread 2 ] INFO  UpdaterService       - Latest stable version: 25
10:36:55.455 [JavaFX Application Thread] DEBUG PrimaryStageWindow   - Pop state: DialogSubScene
10:36:55.455 [JavaFX Application Thread] DEBUG Input                - Clearing active input actions
10:36:55.456 [JavaFX Application Thread] DEBUG GameApplicationServi - Removing overlay from DialogSubScene and adding to GameScene
10:36:55.456 [JavaFX Application Thread] DEBUG PrimaryStageWindow   - GameScene <- DialogSubScene
10:36:55.457 [JavaFX Application Thread] DEBUG PrimaryStageWindow   - Push state: DialogSubScene
10:36:55.457 [JavaFX Application Thread] DEBUG Input                - Clearing active input actions
10:36:55.457 [JavaFX Application Thread] DEBUG GameApplicationServi - Removing overlay from GameScene and adding to DialogSubScene
10:36:55.458 [JavaFX Application Thread] DEBUG PrimaryStageWindow   - GameScene -> DialogSubScene
10:36:56.190 [JavaFX Application Thread] DEBUG PrimaryStageWindow   - Pop state: DialogSubScene
10:36:56.190 [JavaFX Application Thread] DEBUG Input                - Clearing active input actions
10:36:56.191 [JavaFX Application Thread] DEBUG GameApplicationServi - Removing overlay from DialogSubScene and adding to GameScene
10:36:56.191 [JavaFX Application Thread] DEBUG PrimaryStageWindow   - GameScene <- DialogSubScene
10:36:56.199 [ServerAsyncConnThread    ] DEBUG TCPServer            - Starting to listen at: 55555 type: class com.almasb.fxgl.core.serialization.Bundle
10:36:57.114 [FXGL Background Thread 3 ] DEBUG Engine               - Logging environment variables
10:36:57.114 [FXGL Background Thread 3 ] DEBUG Engine               - achievements: []
10:36:57.114 [FXGL Background Thread 3 ] DEBUG Engine               - actualHeight: 600.0
10:36:57.114 [FXGL Background Thread 3 ] DEBUG Engine               - actualHeightProperty: ReadOnlyDoubleProperty [value: 600.0]
10:36:57.114 [FXGL Background Thread 3 ] DEBUG Engine               - actualWidth: 800.0
10:36:57.114 [FXGL Background Thread 3 ] DEBUG Engine               - actualWidthProperty: ReadOnlyDoubleProperty [value: 800.0]
10:36:57.114 [FXGL Background Thread 3 ] DEBUG Engine               - appIcon: fxgl_icon.png
10:36:57.114 [FXGL Background Thread 3 ] DEBUG Engine               - applicationMode: DEVELOPER
10:36:57.114 [FXGL Background Thread 3 ] DEBUG Engine               - cSSList: [fxgl_dark.css]
10:36:57.115 [FXGL Background Thread 3 ] DEBUG Engine               - collisionDetectionStrategy: BRUTE_FORCE
10:36:57.115 [FXGL Background Thread 3 ] DEBUG Engine               - configClass: Optional.empty
10:36:57.115 [FXGL Background Thread 3 ] DEBUG Engine               - credits: []
10:36:57.115 [FXGL Background Thread 3 ] DEBUG Engine               - defaultCursor: CursorInfo(imageName=fxgl_default_cursor.png, hotspotX=7.0, hotspotY=6.0)
10:36:57.115 [FXGL Background Thread 3 ] DEBUG Engine               - devBBoxColorProperty: ObjectProperty [value: 0xff0000ff]
10:36:57.115 [FXGL Background Thread 3 ] DEBUG Engine               - devEnableDebugCameraProperty: BooleanProperty [value: false]
10:36:57.115 [FXGL Background Thread 3 ] DEBUG Engine               - devSensorColorProperty: ObjectProperty [value: 0xffff00ff]
10:36:57.115 [FXGL Background Thread 3 ] DEBUG Engine               - devShowBBoxProperty: BooleanProperty [value: false]
10:36:57.115 [FXGL Background Thread 3 ] DEBUG Engine               - devShowPositionProperty: BooleanProperty [value: false]
10:36:57.115 [FXGL Background Thread 3 ] DEBUG Engine               - enabledMenuItems: []
10:36:57.115 [FXGL Background Thread 3 ] DEBUG Engine               - engineServices: [class com.almasb.fxgl.app.services.FXGLAssetLoaderService, class com.almasb.fxgl.app.FXGLApplication$GameApplicationService, class com.almasb.fxgl.app.services.FXGLDialogService, class com.almasb.fxgl.app.services.IOTaskExecutorService, class com.almasb.fxgl.io.FileSystemService, class com.almasb.fxgl.localization.LocalizationService, class com.almasb.fxgl.app.services.SystemBundleService, class com.almasb.fxgl.profile.SaveLoadService, class com.almasb.fxgl.ui.FXGLUIFactoryServiceProvider, class com.almasb.fxgl.ui.FXGLDialogFactoryServiceProvider, class com.almasb.fxgl.audio.AudioPlayer, class com.almasb.fxgl.notification.impl.NotificationServiceProvider, class com.almasb.fxgl.achievement.AchievementService, class com.almasb.fxgl.cutscene.CutsceneService, class com.almasb.fxgl.minigames.MiniGameService, class com.almasb.fxgl.net.NetService, class com.almasb.fxgl.app.services.UpdaterService, class com.almasb.fxgl.dev.DevService]
10:36:57.115 [FXGL Background Thread 3 ] DEBUG Engine               - fontGame: Abel-Regular.ttf
10:36:57.115 [FXGL Background Thread 3 ] DEBUG Engine               - fontMono: TerminalLandMono-Regular.otf
10:36:57.115 [FXGL Background Thread 3 ] DEBUG Engine               - fontSizeScaleUI: 1.0
10:36:57.115 [FXGL Background Thread 3 ] DEBUG Engine               - fontText: Courier-Prime.ttf
10:36:57.115 [FXGL Background Thread 3 ] DEBUG Engine               - fontUI: VarelaRound-Regular.ttf
10:36:57.115 [FXGL Background Thread 3 ] DEBUG Engine               - fullScreen: BooleanProperty [value: false]
10:36:57.115 [FXGL Background Thread 3 ] DEBUG Engine               - gameDifficulty: MEDIUM
10:36:57.115 [FXGL Background Thread 3 ] DEBUG Engine               - gameDifficultyProperty: ObjectProperty [value: MEDIUM]
10:36:57.115 [FXGL Background Thread 3 ] DEBUG Engine               - globalMusicVolume: 0.5
10:36:57.115 [FXGL Background Thread 3 ] DEBUG Engine               - globalMusicVolumeProperty: DoubleProperty [value: 0.5]
10:36:57.115 [FXGL Background Thread 3 ] DEBUG Engine               - globalSoundVolume: 0.5
10:36:57.115 [FXGL Background Thread 3 ] DEBUG Engine               - globalSoundVolumeProperty: DoubleProperty [value: 0.5]
10:36:57.115 [FXGL Background Thread 3 ] DEBUG Engine               - height: 600
10:36:57.115 [FXGL Background Thread 3 ] DEBUG Engine               - is3D: false
10:36:57.115 [FXGL Background Thread 3 ] DEBUG Engine               - isAndroid: false
10:36:57.115 [FXGL Background Thread 3 ] DEBUG Engine               - isBrowser: false
10:36:57.115 [FXGL Background Thread 3 ] DEBUG Engine               - isClickFeedbackEnabled: false
10:36:57.115 [FXGL Background Thread 3 ] DEBUG Engine               - isCloseConfirmation: false
10:36:57.115 [FXGL Background Thread 3 ] DEBUG Engine               - isDesktop: true
10:36:57.115 [FXGL Background Thread 3 ] DEBUG Engine               - isDeveloperMenuEnabled: false
10:36:57.115 [FXGL Background Thread 3 ] DEBUG Engine               - isEmbedded: false
10:36:57.116 [FXGL Background Thread 3 ] DEBUG Engine               - isEntityPreloadEnabled: true
10:36:57.116 [FXGL Background Thread 3 ] DEBUG Engine               - isExperimentalTiledLargeMap: false
10:36:57.116 [FXGL Background Thread 3 ] DEBUG Engine               - isFileSystemWriteAllowed: true
10:36:57.116 [FXGL Background Thread 3 ] DEBUG Engine               - isFullScreenAllowed: false
10:36:57.116 [FXGL Background Thread 3 ] DEBUG Engine               - isFullScreenFromStart: false
10:36:57.116 [FXGL Background Thread 3 ] DEBUG Engine               - isGameMenuEnabled: true
10:36:57.116 [FXGL Background Thread 3 ] DEBUG Engine               - isIOS: false
10:36:57.116 [FXGL Background Thread 3 ] DEBUG Engine               - isIntroEnabled: false
10:36:57.116 [FXGL Background Thread 3 ] DEBUG Engine               - isLinux: false
10:36:57.116 [FXGL Background Thread 3 ] DEBUG Engine               - isMac: false
10:36:57.116 [FXGL Background Thread 3 ] DEBUG Engine               - isMainMenuEnabled: false
10:36:57.116 [FXGL Background Thread 3 ] DEBUG Engine               - isManualResizeEnabled: false
10:36:57.116 [FXGL Background Thread 3 ] DEBUG Engine               - isMobile: false
10:36:57.116 [FXGL Background Thread 3 ] DEBUG Engine               - isNative: false
10:36:57.116 [FXGL Background Thread 3 ] DEBUG Engine               - isPauseMusicWhenMinimized: true
10:36:57.116 [FXGL Background Thread 3 ] DEBUG Engine               - isPreserveResizeRatio: false
10:36:57.116 [FXGL Background Thread 3 ] DEBUG Engine               - isProfilingEnabled: false
10:36:57.116 [FXGL Background Thread 3 ] DEBUG Engine               - isScaleAffectedOnResize: true
10:36:57.116 [FXGL Background Thread 3 ] DEBUG Engine               - isSingleStep: false
10:36:57.116 [FXGL Background Thread 3 ] DEBUG Engine               - isUserProfileEnabled: false
10:36:57.116 [FXGL Background Thread 3 ] DEBUG Engine               - isWindows: true
10:36:57.116 [FXGL Background Thread 3 ] DEBUG Engine               - language: ObjectProperty [value: ENGLISH]
10:36:57.116 [FXGL Background Thread 3 ] DEBUG Engine               - menuKey: ESCAPE
10:36:57.116 [FXGL Background Thread 3 ] DEBUG Engine               - mouseSensitivity: 0.2
10:36:57.116 [FXGL Background Thread 3 ] DEBUG Engine               - notificationViewClass: class com.almasb.fxgl.notification.view.XboxNotificationView
10:36:57.116 [FXGL Background Thread 3 ] DEBUG Engine               - pixelsPerMeter: 50.0
10:36:57.116 [FXGL Background Thread 3 ] DEBUG Engine               - platform: WINDOWS
10:36:57.116 [FXGL Background Thread 3 ] DEBUG Engine               - prefHeightProperty: ReadOnlyDoubleProperty [value: 600.0]
10:36:57.116 [FXGL Background Thread 3 ] DEBUG Engine               - prefWidthProperty: ReadOnlyDoubleProperty [value: 800.0]
10:36:57.116 [FXGL Background Thread 3 ] DEBUG Engine               - profileDir: profiles/
10:36:57.116 [FXGL Background Thread 3 ] DEBUG Engine               - profileName: StringProperty [value: DEFAULT]
10:36:57.116 [FXGL Background Thread 3 ] DEBUG Engine               - randomSeed: -1
10:36:57.116 [FXGL Background Thread 3 ] DEBUG Engine               - runtimeInfo: RuntimeInfo(platform=WINDOWS, version=17.3, build=30.03.2023 11.49)
10:36:57.116 [FXGL Background Thread 3 ] DEBUG Engine               - saveFileExt: sav
10:36:57.116 [FXGL Background Thread 3 ] DEBUG Engine               - scaledHeightProp$fxgl: DoubleProperty [bound, value: 600.0]
10:36:57.116 [FXGL Background Thread 3 ] DEBUG Engine               - scaledWidthProp$fxgl: DoubleProperty [bound, value: 800.0]
10:36:57.116 [FXGL Background Thread 3 ] DEBUG Engine               - sceneFactory: com.almasb.fxgl.app.scene.SceneFactory@53c88b58
10:36:57.116 [FXGL Background Thread 3 ] DEBUG Engine               - secondsIn24h: 60
10:36:57.116 [FXGL Background Thread 3 ] DEBUG Engine               - soundMenuBack: menu/back.wav
10:36:57.116 [FXGL Background Thread 3 ] DEBUG Engine               - soundMenuPress: menu/press.wav
10:36:57.116 [FXGL Background Thread 3 ] DEBUG Engine               - soundMenuSelect: menu/select.wav
10:36:57.116 [FXGL Background Thread 3 ] DEBUG Engine               - soundNotification: core/notification.wav
10:36:57.116 [FXGL Background Thread 3 ] DEBUG Engine               - stageStyle: DECORATED
10:36:57.116 [FXGL Background Thread 3 ] DEBUG Engine               - supportedLanguages: [ENGLISH, FRENCH, GERMAN, HUNGARIAN, RUSSIAN]
10:36:57.116 [FXGL Background Thread 3 ] DEBUG Engine               - ticksPerSecond: -1
10:36:57.116 [FXGL Background Thread 3 ] DEBUG Engine               - title: Simple Sword Fight
10:36:57.116 [FXGL Background Thread 3 ] DEBUG Engine               - urlGithub: https://github.com/AlmasB/FXGL
10:36:57.116 [FXGL Background Thread 3 ] DEBUG Engine               - urlLeaderboard: http://fxgl-top.herokuapp.com/
10:36:57.116 [FXGL Background Thread 3 ] DEBUG Engine               - urlPOM: https://raw.githubusercontent.com/AlmasB/FXGL/release/README.md
10:36:57.116 [FXGL Background Thread 3 ] DEBUG Engine               - userAppClass: class com.example.testgame.SwordGameApp
10:36:57.116 [FXGL Background Thread 3 ] DEBUG Engine               - version: 0.1
10:36:57.116 [FXGL Background Thread 3 ] DEBUG Engine               - versionCheckDays: 7
10:36:57.116 [FXGL Background Thread 3 ] DEBUG Engine               - width: 800
10:36:57.116 [FXGL Background Thread 3 ] DEBUG Engine               - Logging services
10:36:57.116 [FXGL Background Thread 3 ] DEBUG Engine               - class com.almasb.fxgl.app.services.FXGLAssetLoaderService
10:36:57.116 [FXGL Background Thread 3 ] DEBUG Engine               - class com.almasb.fxgl.app.FXGLApplication$GameApplicationService
10:36:57.116 [FXGL Background Thread 3 ] DEBUG Engine               - class com.almasb.fxgl.app.services.FXGLDialogService
10:36:57.116 [FXGL Background Thread 3 ] DEBUG Engine               - class com.almasb.fxgl.app.services.IOTaskExecutorService
10:36:57.116 [FXGL Background Thread 3 ] DEBUG Engine               - class com.almasb.fxgl.io.FileSystemService
10:36:57.116 [FXGL Background Thread 3 ] DEBUG Engine               - class com.almasb.fxgl.localization.LocalizationService
10:36:57.116 [FXGL Background Thread 3 ] DEBUG Engine               - class com.almasb.fxgl.app.services.SystemBundleService
10:36:57.116 [FXGL Background Thread 3 ] DEBUG Engine               - class com.almasb.fxgl.profile.SaveLoadService
10:36:57.116 [FXGL Background Thread 3 ] DEBUG Engine               - class com.almasb.fxgl.ui.FXGLUIFactoryServiceProvider
10:36:57.116 [FXGL Background Thread 3 ] DEBUG Engine               - class com.almasb.fxgl.ui.FXGLDialogFactoryServiceProvider
10:36:57.116 [FXGL Background Thread 3 ] DEBUG Engine               - class com.almasb.fxgl.audio.AudioPlayer
10:36:57.116 [FXGL Background Thread 3 ] DEBUG Engine               - class com.almasb.fxgl.notification.impl.NotificationServiceProvider
10:36:57.116 [FXGL Background Thread 3 ] DEBUG Engine               - class com.almasb.fxgl.achievement.AchievementService
10:36:57.116 [FXGL Background Thread 3 ] DEBUG Engine               - class com.almasb.fxgl.cutscene.CutsceneService
10:36:57.116 [FXGL Background Thread 3 ] DEBUG Engine               - class com.almasb.fxgl.minigames.MiniGameService
10:36:57.116 [FXGL Background Thread 3 ] DEBUG Engine               - class com.almasb.fxgl.net.NetService
10:36:57.116 [FXGL Background Thread 3 ] DEBUG Engine               - class com.almasb.fxgl.app.services.UpdaterService
10:36:57.116 [FXGL Background Thread 3 ] DEBUG Engine               - class com.almasb.fxgl.dev.DevService
10:36:58.326 [JavaFX Application Thread] DEBUG FXGLApplication      - Exiting FXGL
10:36:58.326 [JavaFX Application Thread] DEBUG LoopRunner           - Stopping loop
10:36:58.326 [JavaFX Application Thread] DEBUG SystemBundleService  - Saving FXGL system data
10:36:58.328 [JavaFX Application Thread] DEBUG FileSystemAccess     - Writing to: C:\LBS4\INF\test\testgame\system\fxgl.bundle
10:36:58.330 [JavaFX Application Thread] DEBUG Async                - Shutting down background threads
10:36:58.330 [JavaFX Application Thread] DEBUG PrimaryStageWindow   - Closing main window
10:36:58.352 [JavaFX Application Thread] DEBUG Logger               - Closing Logger
