09:52:35.955 [main                     ] DEBUG Logger               - Configured Logger
09:52:35.960 [main                     ] DEBUG GameApplication      - Logging settings
Title: Simple Sword Fight
Version: 0.1
Width: 800
Height: 600
Fullscreen: false
Intro: false
Profiling: false
Single step:false
App Mode: DEVELOPER
Menu Key: ESCAPE
Stage Style: DECORATED
Scene Factory: class com.almasb.fxgl.app.scene.SceneFactory

09:52:36.386 [JavaFX Application Thread] DEBUG FXGLApplication      - Initializing FXGL
09:52:36.388 [JavaFX Application Thread] INFO  Engine               - FXGL-17.3 (30.03.2023 11.49) on WINDOWS (J:25 FX:21.0.6)
09:52:36.388 [JavaFX Application Thread] DEBUG Engine               - JRE Vendor Name: Oracle Corporation
09:52:36.388 [JavaFX Application Thread] DEBUG Engine               - Running on OS: Windows 11 version 10.0
09:52:36.388 [JavaFX Application Thread] DEBUG Engine               - Architecture: amd64
09:52:36.388 [JavaFX Application Thread] INFO  Engine               - Source code and latest versions at: https://github.com/AlmasB/FXGL
09:52:36.388 [JavaFX Application Thread] INFO  Engine               -       Ask questions and discuss at: https://github.com/AlmasB/FXGL/discussions
09:52:36.388 [JavaFX Application Thread] INFO  Engine               -              Join the FXGL chat at: https://gitter.im/AlmasB/FXGL
09:52:36.450 [JavaFX Application Thread] DEBUG PrimaryStageWindow   - Creating a JavaFX scene
09:52:36.484 [JavaFX Application Thread] DEBUG PrimaryStageWindow   - Target settings size: 800.0 x 600.0
09:52:36.485 [JavaFX Application Thread] DEBUG PrimaryStageWindow   - Scaled scene size:    800.0 x 600.0
09:52:36.485 [JavaFX Application Thread] DEBUG PrimaryStageWindow   - Scaled ratio: (1.0, 1.0)
09:52:36.485 [JavaFX Application Thread] DEBUG PrimaryStageWindow   - Set initial scene to FXGLStartupScene
09:52:36.487 [JavaFX Application Thread] DEBUG PrimaryStageWindow   - Opening main window
09:52:36.603 [JavaFX Application Thread] DEBUG PrimaryStageWindow   - Window border size: (14.4000244140625, 37.5999755859375)
09:52:36.603 [JavaFX Application Thread] DEBUG PrimaryStageWindow   - Scaled size: 800.0 x 600.0
09:52:36.603 [JavaFX Application Thread] DEBUG PrimaryStageWindow   - Scaled ratio: (1.0, 1.0)
09:52:36.603 [JavaFX Application Thread] DEBUG PrimaryStageWindow   - Scene size: 800.0 x 600.0
09:52:36.603 [JavaFX Application Thread] DEBUG PrimaryStageWindow   - Stage size: 814.4000244140625 x 637.5999755859375
09:52:36.608 [FXGL Background Thread 1 ] DEBUG Engine               - Initializing environment variables
09:52:36.641 [FXGL Background Thread 1 ] DEBUG FXGLAssetLoaderServi - User app class for loading assets: class com.example.testgame.SwordGameApp
09:52:36.641 [FXGL Background Thread 1 ] DEBUG GameApplicationServi - Applying CSS: fxgl_dark.css
09:52:36.642 [FXGL Background Thread 1 ] DEBUG FXGLAssetLoaderServi - Loading from file system: jar:file:///C:/Users/lukas.KOHLFUERST/.m2/repository/com/github/almasb/fxgl/17.3/fxgl-17.3.jar!/fxglassets/ui/css/fxgl_dark.css
09:52:36.667 [FXGL Background Thread 1 ] DEBUG GameApplicationServi - Initializing application scenes
09:52:36.685 [FXGL Background Thread 1 ] DEBUG GameWorld            - Game world initialized
09:52:36.719 [FXGL Background Thread 1 ] DEBUG PhysicsWorld         - Physics world initialized: appHeight=600, physics.ppm=50,0
09:52:36.720 [FXGL Background Thread 1 ] DEBUG PhysicsWorld         - Using strategy: BRUTE_FORCE
09:52:36.722 [FXGL Background Thread 1 ] DEBUG GameScene            - Game scene initialized: 800x600
09:52:36.729 [FXGL Background Thread 1 ] DEBUG FXGL.DefaultMenu     - createMenuBodyGameMenu()
09:52:36.741 [FXGL Background Thread 1 ] DEBUG FXGL.DefaultMenu     - createOptionsMenu()
09:52:36.746 [FXGL Background Thread 1 ] DEBUG FXGLAssetLoaderServi - Loading from file system: jar:file:///C:/Users/lukas.KOHLFUERST/.m2/repository/com/github/almasb/fxgl/17.3/fxgl-17.3.jar!/fxglassets/textures/particles/smoke.png
09:52:36.798 [FXGL Background Thread 1 ] DEBUG FXGLAssetLoaderServi - Loading from file system: jar:file:///C:/Users/lukas.KOHLFUERST/.m2/repository/com/github/almasb/fxgl/17.3/fxgl-17.3.jar!/fxglassets/textures/particles/trace_horizontal.png
09:52:36.821 [FXGL Background Thread 1 ] DEBUG GameApplicationServi - Application scenes initialized
09:52:36.826 [FXGL Background Thread 1 ] DEBUG SystemBundleService  - Loading FXGL system data
09:52:36.829 [FXGL Background Thread 1 ] DEBUG FileSystemAccess     - Reading from: C:\LBS4\INF\test\testgame\system\fxgl.bundle
09:52:36.835 [FXGL Background Thread 1 ] DEBUG SystemBundleService  - Bundle FXGL: {}
09:52:36.836 [FXGL Background Thread 1 ] DEBUG UpdaterService       - Checking for updates
09:52:36.838 [FXGL Background Thread 4 ] DEBUG FXGLApplication      - Loading fonts
09:52:36.839 [FXGL Background Thread 4 ] DEBUG FXGLAssetLoaderServi - Loading from file system: jar:file:///C:/Users/lukas.KOHLFUERST/.m2/repository/com/github/almasb/fxgl/17.3/fxgl-17.3.jar!/fxglassets/ui/fonts/VarelaRound-Regular.ttf
09:52:36.839 [FXGL Background Thread 1 ] DEBUG FXGLApplication      - Loading default localization
09:52:36.839 [FXGL Background Thread 1 ] DEBUG FXGLAssetLoaderServi - Loading from file system: jar:file:///C:/Users/lukas.KOHLFUERST/.m2/repository/com/github/almasb/fxgl/17.3/fxgl-17.3.jar!/fxglassets/languages/english.lang
09:52:36.848 [FXGL Background Thread 1 ] INFO  FXGLApplication      - FXGL initialization took: 0,240 sec
09:52:36.856 [JavaFX Application Thread] DEBUG Input                - Registered new binding: P1 Move Left - A
09:52:36.856 [JavaFX Application Thread] DEBUG Input                - Registered new binding: P1 Move Right - D
09:52:36.858 [JavaFX Application Thread] DEBUG Input                - Registered new binding: P1 Attack - LMB
09:52:36.858 [JavaFX Application Thread] DEBUG Input                - Registered new binding: P1 Parry - RMB
09:52:36.858 [JavaFX Application Thread] DEBUG FXGLAssetLoaderServi - Loading from file system: jar:file:///C:/Users/lukas.KOHLFUERST/.m2/repository/com/github/almasb/fxgl/17.3/fxgl-17.3.jar!/fxglassets/textures/fxgl_icon.png
09:52:36.875 [JavaFX Application Thread] DEBUG FXGLAssetLoaderServi - Loading from file system: jar:file:///C:/Users/lukas.KOHLFUERST/.m2/repository/com/github/almasb/fxgl/17.3/fxgl-17.3.jar!/fxglassets/textures/fxgl_default_cursor.png
09:52:36.877 [JavaFX Application Thread] DEBUG Input                - Registered new binding: Screenshot - CTRL+8
09:52:36.877 [JavaFX Application Thread] DEBUG Input                - Registered new binding: System info dump - CTRL+9
09:52:36.877 [JavaFX Application Thread] DEBUG Input                - Registered new binding: Restart - CTRL+R
09:52:36.877 [JavaFX Application Thread] DEBUG Input                - Registered new binding: Toggle Debug Camera - CTRL+7
09:52:36.879 [FXGL Background Thread 4 ] DEBUG FXGLAssetLoaderServi - Loading from file system: jar:file:///C:/Users/lukas.KOHLFUERST/.m2/repository/com/github/almasb/fxgl/17.3/fxgl-17.3.jar!/fxglassets/ui/fonts/Abel-Regular.ttf
09:52:36.879 [JavaFX Application Thread] DEBUG LoopRunner           - Starting loop
09:52:36.879 [JavaFX Application Thread] DEBUG LoopRunner           - Initializing JavaFX AnimationTimerLoop
09:52:36.880 [JavaFX Application Thread] DEBUG GameApplicationServi - Starting new game
09:52:36.880 [JavaFX Application Thread] DEBUG Input                - Clearing active input actions
09:52:36.883 [FXGL Background Thread 4 ] DEBUG FXGLAssetLoaderServi - Loading from file system: jar:file:///C:/Users/lukas.KOHLFUERST/.m2/repository/com/github/almasb/fxgl/17.3/fxgl-17.3.jar!/fxglassets/ui/fonts/TerminalLandMono-Regular.otf
09:52:36.887 [JavaFX Application Thread] DEBUG GameApplicationServi - Removing overlay from FXGLStartupScene and adding to FXGLLoadingScene
09:52:36.887 [JavaFX Application Thread] DEBUG PrimaryStageWindow   - FXGLStartupScene -> FXGLLoadingScene
09:52:36.887 [JavaFX Application Thread] DEBUG GameApplicationServi - Clearing previous game
09:52:36.887 [JavaFX Application Thread] DEBUG GameScene            - Clearing game scene
09:52:36.887 [FXGL Background Thread 4 ] DEBUG FXGLAssetLoaderServi - Loading from file system: jar:file:///C:/Users/lukas.KOHLFUERST/.m2/repository/com/github/almasb/fxgl/17.3/fxgl-17.3.jar!/fxglassets/ui/fonts/Courier-Prime.ttf
09:52:36.887 [JavaFX Application Thread] DEBUG GameWorld            - Clearing game world
09:52:36.887 [JavaFX Application Thread] DEBUG PhysicsWorld         - Clearing physics world
09:52:36.888 [FXGL Background Thread 1 ] DEBUG FXGLApplication      - Initializing game
09:52:36.902 [FXGL Background Thread 1 ] DEBUG FXGLAssetLoaderServi - Loading from file system: file:/C:/LBS4/INF/test/testgame/target/classes/assets/textures/Idle.png
09:52:36.911 [FXGL Background Thread 1 ] DEBUG FXGLAssetLoaderServi - Loading from file system: file:/C:/LBS4/INF/test/testgame/target/classes/assets/textures/Attack.png
09:52:36.916 [JavaFX Application Thread] DEBUG FXGLApplication      - Registering font factories with UI factory
09:52:36.919 [FXGL Background Thread 1 ] DEBUG FXGLAssetLoaderServi - Loading from file system: file:/C:/LBS4/INF/test/testgame/target/classes/assets/textures/Parry.png
09:52:36.943 [FXGL Background Thread 1 ] INFO  FXGLApplication      - Game initialization took: 0,054 sec
09:52:36.967 [JavaFX Application Thread] DEBUG Input                - Clearing active input actions
09:52:36.972 [JavaFX Application Thread] DEBUG GameApplicationServi - Removing overlay from FXGLLoadingScene and adding to GameScene
09:52:36.973 [JavaFX Application Thread] DEBUG PrimaryStageWindow   - FXGLLoadingScene -> GameScene
09:52:37.241 [FXGL Background Thread 2 ] INFO  UpdaterService       - Your current version:  17.3
09:52:37.241 [FXGL Background Thread 2 ] INFO  UpdaterService       - Latest stable version: 25
09:52:39.840 [FXGL Background Thread 3 ] DEBUG Engine               - Logging environment variables
09:52:39.840 [FXGL Background Thread 3 ] DEBUG Engine               - achievements: []
09:52:39.840 [FXGL Background Thread 3 ] DEBUG Engine               - actualHeight: 600.0
09:52:39.840 [FXGL Background Thread 3 ] DEBUG Engine               - actualHeightProperty: ReadOnlyDoubleProperty [value: 600.0]
09:52:39.841 [FXGL Background Thread 3 ] DEBUG Engine               - actualWidth: 800.0
09:52:39.841 [FXGL Background Thread 3 ] DEBUG Engine               - actualWidthProperty: ReadOnlyDoubleProperty [value: 800.0]
09:52:39.841 [FXGL Background Thread 3 ] DEBUG Engine               - appIcon: fxgl_icon.png
09:52:39.841 [FXGL Background Thread 3 ] DEBUG Engine               - applicationMode: DEVELOPER
09:52:39.841 [FXGL Background Thread 3 ] DEBUG Engine               - cSSList: [fxgl_dark.css]
09:52:39.841 [FXGL Background Thread 3 ] DEBUG Engine               - collisionDetectionStrategy: BRUTE_FORCE
09:52:39.841 [FXGL Background Thread 3 ] DEBUG Engine               - configClass: Optional.empty
09:52:39.841 [FXGL Background Thread 3 ] DEBUG Engine               - credits: []
09:52:39.841 [FXGL Background Thread 3 ] DEBUG Engine               - defaultCursor: CursorInfo(imageName=fxgl_default_cursor.png, hotspotX=7.0, hotspotY=6.0)
09:52:39.841 [FXGL Background Thread 3 ] DEBUG Engine               - devBBoxColorProperty: ObjectProperty [value: 0xff0000ff]
09:52:39.841 [FXGL Background Thread 3 ] DEBUG Engine               - devEnableDebugCameraProperty: BooleanProperty [value: false]
09:52:39.841 [FXGL Background Thread 3 ] DEBUG Engine               - devSensorColorProperty: ObjectProperty [value: 0xffff00ff]
09:52:39.841 [FXGL Background Thread 3 ] DEBUG Engine               - devShowBBoxProperty: BooleanProperty [value: false]
09:52:39.841 [FXGL Background Thread 3 ] DEBUG Engine               - devShowPositionProperty: BooleanProperty [value: false]
09:52:39.841 [FXGL Background Thread 3 ] DEBUG Engine               - enabledMenuItems: []
09:52:39.841 [FXGL Background Thread 3 ] DEBUG Engine               - engineServices: [class com.almasb.fxgl.app.services.FXGLAssetLoaderService, class com.almasb.fxgl.app.FXGLApplication$GameApplicationService, class com.almasb.fxgl.app.services.FXGLDialogService, class com.almasb.fxgl.app.services.IOTaskExecutorService, class com.almasb.fxgl.io.FileSystemService, class com.almasb.fxgl.localization.LocalizationService, class com.almasb.fxgl.app.services.SystemBundleService, class com.almasb.fxgl.profile.SaveLoadService, class com.almasb.fxgl.ui.FXGLUIFactoryServiceProvider, class com.almasb.fxgl.ui.FXGLDialogFactoryServiceProvider, class com.almasb.fxgl.audio.AudioPlayer, class com.almasb.fxgl.notification.impl.NotificationServiceProvider, class com.almasb.fxgl.achievement.AchievementService, class com.almasb.fxgl.cutscene.CutsceneService, class com.almasb.fxgl.minigames.MiniGameService, class com.almasb.fxgl.net.NetService, class com.almasb.fxgl.app.services.UpdaterService, class com.almasb.fxgl.dev.DevService]
09:52:39.841 [FXGL Background Thread 3 ] DEBUG Engine               - fontGame: Abel-Regular.ttf
09:52:39.841 [FXGL Background Thread 3 ] DEBUG Engine               - fontMono: TerminalLandMono-Regular.otf
09:52:39.841 [FXGL Background Thread 3 ] DEBUG Engine               - fontSizeScaleUI: 1.0
09:52:39.841 [FXGL Background Thread 3 ] DEBUG Engine               - fontText: Courier-Prime.ttf
09:52:39.841 [FXGL Background Thread 3 ] DEBUG Engine               - fontUI: VarelaRound-Regular.ttf
09:52:39.841 [FXGL Background Thread 3 ] DEBUG Engine               - fullScreen: BooleanProperty [value: false]
09:52:39.841 [FXGL Background Thread 3 ] DEBUG Engine               - gameDifficulty: MEDIUM
09:52:39.841 [FXGL Background Thread 3 ] DEBUG Engine               - gameDifficultyProperty: ObjectProperty [value: MEDIUM]
09:52:39.841 [FXGL Background Thread 3 ] DEBUG Engine               - globalMusicVolume: 0.5
09:52:39.842 [FXGL Background Thread 3 ] DEBUG Engine               - globalMusicVolumeProperty: DoubleProperty [value: 0.5]
09:52:39.842 [FXGL Background Thread 3 ] DEBUG Engine               - globalSoundVolume: 0.5
09:52:39.842 [FXGL Background Thread 3 ] DEBUG Engine               - globalSoundVolumeProperty: DoubleProperty [value: 0.5]
09:52:39.842 [FXGL Background Thread 3 ] DEBUG Engine               - height: 600
09:52:39.842 [FXGL Background Thread 3 ] DEBUG Engine               - is3D: false
09:52:39.842 [FXGL Background Thread 3 ] DEBUG Engine               - isAndroid: false
09:52:39.842 [FXGL Background Thread 3 ] DEBUG Engine               - isBrowser: false
09:52:39.842 [FXGL Background Thread 3 ] DEBUG Engine               - isClickFeedbackEnabled: false
09:52:39.842 [FXGL Background Thread 3 ] DEBUG Engine               - isCloseConfirmation: false
09:52:39.842 [FXGL Background Thread 3 ] DEBUG Engine               - isDesktop: true
09:52:39.842 [FXGL Background Thread 3 ] DEBUG Engine               - isDeveloperMenuEnabled: false
09:52:39.842 [FXGL Background Thread 3 ] DEBUG Engine               - isEmbedded: false
09:52:39.842 [FXGL Background Thread 3 ] DEBUG Engine               - isEntityPreloadEnabled: true
09:52:39.842 [FXGL Background Thread 3 ] DEBUG Engine               - isExperimentalTiledLargeMap: false
09:52:39.842 [FXGL Background Thread 3 ] DEBUG Engine               - isFileSystemWriteAllowed: true
09:52:39.842 [FXGL Background Thread 3 ] DEBUG Engine               - isFullScreenAllowed: false
09:52:39.842 [FXGL Background Thread 3 ] DEBUG Engine               - isFullScreenFromStart: false
09:52:39.842 [FXGL Background Thread 3 ] DEBUG Engine               - isGameMenuEnabled: true
09:52:39.842 [FXGL Background Thread 3 ] DEBUG Engine               - isIOS: false
09:52:39.842 [FXGL Background Thread 3 ] DEBUG Engine               - isIntroEnabled: false
09:52:39.842 [FXGL Background Thread 3 ] DEBUG Engine               - isLinux: false
09:52:39.842 [FXGL Background Thread 3 ] DEBUG Engine               - isMac: false
09:52:39.842 [FXGL Background Thread 3 ] DEBUG Engine               - isMainMenuEnabled: false
09:52:39.842 [FXGL Background Thread 3 ] DEBUG Engine               - isManualResizeEnabled: false
09:52:39.842 [FXGL Background Thread 3 ] DEBUG Engine               - isMobile: false
09:52:39.842 [FXGL Background Thread 3 ] DEBUG Engine               - isNative: false
09:52:39.842 [FXGL Background Thread 3 ] DEBUG Engine               - isPauseMusicWhenMinimized: true
09:52:39.842 [FXGL Background Thread 3 ] DEBUG Engine               - isPreserveResizeRatio: false
09:52:39.842 [FXGL Background Thread 3 ] DEBUG Engine               - isProfilingEnabled: false
09:52:39.842 [FXGL Background Thread 3 ] DEBUG Engine               - isScaleAffectedOnResize: true
09:52:39.842 [FXGL Background Thread 3 ] DEBUG Engine               - isSingleStep: false
09:52:39.842 [FXGL Background Thread 3 ] DEBUG Engine               - isUserProfileEnabled: false
09:52:39.842 [FXGL Background Thread 3 ] DEBUG Engine               - isWindows: true
09:52:39.842 [FXGL Background Thread 3 ] DEBUG Engine               - language: ObjectProperty [value: ENGLISH]
09:52:39.842 [FXGL Background Thread 3 ] DEBUG Engine               - menuKey: ESCAPE
09:52:39.842 [FXGL Background Thread 3 ] DEBUG Engine               - mouseSensitivity: 0.2
09:52:39.842 [FXGL Background Thread 3 ] DEBUG Engine               - notificationViewClass: class com.almasb.fxgl.notification.view.XboxNotificationView
09:52:39.842 [FXGL Background Thread 3 ] DEBUG Engine               - pixelsPerMeter: 50.0
09:52:39.842 [FXGL Background Thread 3 ] DEBUG Engine               - platform: WINDOWS
09:52:39.842 [FXGL Background Thread 3 ] DEBUG Engine               - prefHeightProperty: ReadOnlyDoubleProperty [value: 600.0]
09:52:39.842 [FXGL Background Thread 3 ] DEBUG Engine               - prefWidthProperty: ReadOnlyDoubleProperty [value: 800.0]
09:52:39.842 [FXGL Background Thread 3 ] DEBUG Engine               - profileDir: profiles/
09:52:39.842 [FXGL Background Thread 3 ] DEBUG Engine               - profileName: StringProperty [value: DEFAULT]
09:52:39.843 [FXGL Background Thread 3 ] DEBUG Engine               - randomSeed: -1
09:52:39.843 [FXGL Background Thread 3 ] DEBUG Engine               - runtimeInfo: RuntimeInfo(platform=WINDOWS, version=17.3, build=30.03.2023 11.49)
09:52:39.843 [FXGL Background Thread 3 ] DEBUG Engine               - saveFileExt: sav
09:52:39.843 [FXGL Background Thread 3 ] DEBUG Engine               - scaledHeightProp$fxgl: DoubleProperty [bound, value: 600.0]
09:52:39.843 [FXGL Background Thread 3 ] DEBUG Engine               - scaledWidthProp$fxgl: DoubleProperty [bound, value: 800.0]
09:52:39.843 [FXGL Background Thread 3 ] DEBUG Engine               - sceneFactory: com.almasb.fxgl.app.scene.SceneFactory@33717075
09:52:39.843 [FXGL Background Thread 3 ] DEBUG Engine               - secondsIn24h: 60
09:52:39.843 [FXGL Background Thread 3 ] DEBUG Engine               - soundMenuBack: menu/back.wav
09:52:39.843 [FXGL Background Thread 3 ] DEBUG Engine               - soundMenuPress: menu/press.wav
09:52:39.843 [FXGL Background Thread 3 ] DEBUG Engine               - soundMenuSelect: menu/select.wav
09:52:39.843 [FXGL Background Thread 3 ] DEBUG Engine               - soundNotification: core/notification.wav
09:52:39.843 [FXGL Background Thread 3 ] DEBUG Engine               - stageStyle: DECORATED
09:52:39.843 [FXGL Background Thread 3 ] DEBUG Engine               - supportedLanguages: [ENGLISH, FRENCH, GERMAN, HUNGARIAN, RUSSIAN]
09:52:39.843 [FXGL Background Thread 3 ] DEBUG Engine               - ticksPerSecond: -1
09:52:39.843 [FXGL Background Thread 3 ] DEBUG Engine               - title: Simple Sword Fight
09:52:39.843 [FXGL Background Thread 3 ] DEBUG Engine               - urlGithub: https://github.com/AlmasB/FXGL
09:52:39.843 [FXGL Background Thread 3 ] DEBUG Engine               - urlLeaderboard: http://fxgl-top.herokuapp.com/
09:52:39.843 [FXGL Background Thread 3 ] DEBUG Engine               - urlPOM: https://raw.githubusercontent.com/AlmasB/FXGL/release/README.md
09:52:39.843 [FXGL Background Thread 3 ] DEBUG Engine               - userAppClass: class com.example.testgame.SwordGameApp
09:52:39.843 [FXGL Background Thread 3 ] DEBUG Engine               - version: 0.1
09:52:39.843 [FXGL Background Thread 3 ] DEBUG Engine               - versionCheckDays: 7
09:52:39.843 [FXGL Background Thread 3 ] DEBUG Engine               - width: 800
09:52:39.843 [FXGL Background Thread 3 ] DEBUG Engine               - Logging services
09:52:39.843 [FXGL Background Thread 3 ] DEBUG Engine               - class com.almasb.fxgl.app.services.FXGLAssetLoaderService
09:52:39.843 [FXGL Background Thread 3 ] DEBUG Engine               - class com.almasb.fxgl.app.FXGLApplication$GameApplicationService
09:52:39.843 [FXGL Background Thread 3 ] DEBUG Engine               - class com.almasb.fxgl.app.services.FXGLDialogService
09:52:39.843 [FXGL Background Thread 3 ] DEBUG Engine               - class com.almasb.fxgl.app.services.IOTaskExecutorService
09:52:39.843 [FXGL Background Thread 3 ] DEBUG Engine               - class com.almasb.fxgl.io.FileSystemService
09:52:39.843 [FXGL Background Thread 3 ] DEBUG Engine               - class com.almasb.fxgl.localization.LocalizationService
09:52:39.843 [FXGL Background Thread 3 ] DEBUG Engine               - class com.almasb.fxgl.app.services.SystemBundleService
09:52:39.843 [FXGL Background Thread 3 ] DEBUG Engine               - class com.almasb.fxgl.profile.SaveLoadService
09:52:39.843 [FXGL Background Thread 3 ] DEBUG Engine               - class com.almasb.fxgl.ui.FXGLUIFactoryServiceProvider
09:52:39.843 [FXGL Background Thread 3 ] DEBUG Engine               - class com.almasb.fxgl.ui.FXGLDialogFactoryServiceProvider
09:52:39.843 [FXGL Background Thread 3 ] DEBUG Engine               - class com.almasb.fxgl.audio.AudioPlayer
09:52:39.843 [FXGL Background Thread 3 ] DEBUG Engine               - class com.almasb.fxgl.notification.impl.NotificationServiceProvider
09:52:39.843 [FXGL Background Thread 3 ] DEBUG Engine               - class com.almasb.fxgl.achievement.AchievementService
09:52:39.843 [FXGL Background Thread 3 ] DEBUG Engine               - class com.almasb.fxgl.cutscene.CutsceneService
09:52:39.843 [FXGL Background Thread 3 ] DEBUG Engine               - class com.almasb.fxgl.minigames.MiniGameService
09:52:39.843 [FXGL Background Thread 3 ] DEBUG Engine               - class com.almasb.fxgl.net.NetService
09:52:39.843 [FXGL Background Thread 3 ] DEBUG Engine               - class com.almasb.fxgl.app.services.UpdaterService
09:52:39.843 [FXGL Background Thread 3 ] DEBUG Engine               - class com.almasb.fxgl.dev.DevService
09:52:49.466 [JavaFX Application Thread] DEBUG PrimaryStageWindow   - Push state: FXGLDefaultMenu
09:52:49.468 [JavaFX Application Thread] DEBUG Input                - Clearing active input actions
09:52:49.471 [JavaFX Application Thread] DEBUG GameApplicationServi - Removing overlay from GameScene and adding to FXGLDefaultMenu
09:52:49.472 [JavaFX Application Thread] DEBUG PrimaryStageWindow   - GameScene -> FXGLDefaultMenu
09:53:00.133 [JavaFX Application Thread] DEBUG FXGL.DefaultMenu     - createContentAudio()
09:53:03.207 [JavaFX Application Thread] DEBUG FXGL.DefaultMenu     - createContentVideo()
09:53:07.383 [JavaFX Application Thread] DEBUG FXGL.DefaultMenu     - createContentControls()
09:53:11.000 [JavaFX Application Thread] DEBUG FXGL.DefaultMenu     - createContentGameplay()
09:53:16.788 [JavaFX Application Thread] DEBUG PrimaryStageWindow   - Pop state: FXGLDefaultMenu
09:53:16.789 [JavaFX Application Thread] DEBUG Input                - Clearing active input actions
09:53:16.789 [JavaFX Application Thread] DEBUG GameApplicationServi - Removing overlay from FXGLDefaultMenu and adding to GameScene
09:53:16.789 [JavaFX Application Thread] DEBUG PrimaryStageWindow   - GameScene <- FXGLDefaultMenu
09:53:18.663 [JavaFX Application Thread] DEBUG FXGLApplication      - Exiting FXGL
09:53:18.663 [JavaFX Application Thread] DEBUG LoopRunner           - Stopping loop
09:53:18.663 [JavaFX Application Thread] DEBUG SystemBundleService  - Saving FXGL system data
09:53:18.665 [JavaFX Application Thread] DEBUG FileSystemAccess     - Writing to: C:\LBS4\INF\test\testgame\system\fxgl.bundle
09:53:18.667 [JavaFX Application Thread] DEBUG Async                - Shutting down background threads
09:53:18.667 [JavaFX Application Thread] DEBUG PrimaryStageWindow   - Closing main window
09:53:18.695 [JavaFX Application Thread] DEBUG Logger               - Closing Logger
