09:53:28.434 [main                     ] DEBUG Logger               - Configured Logger
09:53:28.495 [main                     ] DEBUG GameApplication      - Logging settings
Title: Simple Sword Fight
Version: 0.1
Width: 800
Height: 600
Fullscreen: false
Intro: false
Profiling: false
Single step:false
App Mode: DEVELOPER
Menu Key: ESCAPE
Stage Style: DECORATED
Scene Factory: class com.almasb.fxgl.app.scene.SceneFactory

09:53:29.096 [JavaFX Application Thread] DEBUG FXGLApplication      - Initializing FXGL
09:53:29.103 [JavaFX Application Thread] INFO  Engine               - FXGL-17.3 (30.03.2023 11.49) on WINDOWS (J:17.0.17 FX:21.0.6)
09:53:29.103 [JavaFX Application Thread] DEBUG Engine               - JRE Vendor Name: Microsoft
09:53:29.103 [JavaFX Application Thread] DEBUG Engine               - Running on OS: Windows 11 version 10.0
09:53:29.103 [JavaFX Application Thread] DEBUG Engine               - Architecture: amd64
09:53:29.103 [JavaFX Application Thread] INFO  Engine               - Source code and latest versions at: https://github.com/AlmasB/FXGL
09:53:29.103 [JavaFX Application Thread] INFO  Engine               -       Ask questions and discuss at: https://github.com/AlmasB/FXGL/discussions
09:53:29.104 [JavaFX Application Thread] INFO  Engine               -              Join the FXGL chat at: https://gitter.im/AlmasB/FXGL
09:53:29.244 [JavaFX Application Thread] DEBUG PrimaryStageWindow   - Creating a JavaFX scene
09:53:29.286 [JavaFX Application Thread] DEBUG PrimaryStageWindow   - Target settings size: 800.0 x 600.0
09:53:29.286 [JavaFX Application Thread] DEBUG PrimaryStageWindow   - Scaled scene size:    800.0 x 600.0
09:53:29.286 [JavaFX Application Thread] DEBUG PrimaryStageWindow   - Scaled ratio: (1.0, 1.0)
09:53:29.292 [JavaFX Application Thread] DEBUG PrimaryStageWindow   - Set initial scene to FXGLStartupScene
09:53:29.296 [JavaFX Application Thread] DEBUG PrimaryStageWindow   - Opening main window
09:53:29.423 [JavaFX Application Thread] DEBUG PrimaryStageWindow   - Window border size: (14.4000244140625, 37.5999755859375)
09:53:29.423 [JavaFX Application Thread] DEBUG PrimaryStageWindow   - Scaled size: 800.0 x 600.0
09:53:29.423 [JavaFX Application Thread] DEBUG PrimaryStageWindow   - Scaled ratio: (1.0, 1.0)
09:53:29.423 [JavaFX Application Thread] DEBUG PrimaryStageWindow   - Scene size: 800.0 x 600.0
09:53:29.423 [JavaFX Application Thread] DEBUG PrimaryStageWindow   - Stage size: 814.4000244140625 x 637.5999755859375
09:53:29.430 [FXGL Background Thread 1 ] DEBUG Engine               - Initializing environment variables
09:53:29.515 [FXGL Background Thread 1 ] DEBUG FXGLAssetLoaderServi - User app class for loading assets: class com.example.testgame.SwordGameApp
09:53:29.516 [FXGL Background Thread 1 ] DEBUG GameApplicationServi - Applying CSS: fxgl_dark.css
09:53:29.517 [FXGL Background Thread 1 ] DEBUG FXGLAssetLoaderServi - Loading from file system: jar:file:///C:/Users/lukas.KOHLFUERST/.m2/repository/com/github/almasb/fxgl/17.3/fxgl-17.3.jar!/fxglassets/ui/css/fxgl_dark.css
09:53:29.574 [FXGL Background Thread 1 ] DEBUG GameApplicationServi - Initializing application scenes
09:53:29.739 [FXGL Background Thread 1 ] DEBUG GameWorld            - Game world initialized
09:53:29.889 [FXGL Background Thread 1 ] DEBUG PhysicsWorld         - Physics world initialized: appHeight=600, physics.ppm=50,0
09:53:29.890 [FXGL Background Thread 1 ] DEBUG PhysicsWorld         - Using strategy: BRUTE_FORCE
09:53:29.902 [FXGL Background Thread 1 ] DEBUG GameScene            - Game scene initialized: 800x600
09:53:29.948 [FXGL Background Thread 1 ] DEBUG FXGL.DefaultMenu     - createMenuBodyGameMenu()
09:53:29.958 [FXGL Background Thread 1 ] DEBUG FXGL.DefaultMenu     - createOptionsMenu()
09:53:29.970 [FXGL Background Thread 1 ] DEBUG FXGLAssetLoaderServi - Loading from file system: jar:file:///C:/Users/lukas.KOHLFUERST/.m2/repository/com/github/almasb/fxgl/17.3/fxgl-17.3.jar!/fxglassets/textures/particles/smoke.png
09:53:30.249 [FXGL Background Thread 1 ] DEBUG FXGLAssetLoaderServi - Loading from file system: jar:file:///C:/Users/lukas.KOHLFUERST/.m2/repository/com/github/almasb/fxgl/17.3/fxgl-17.3.jar!/fxglassets/textures/particles/trace_horizontal.png
09:53:30.299 [FXGL Background Thread 1 ] DEBUG GameApplicationServi - Application scenes initialized
09:53:30.684 [FXGL Background Thread 1 ] DEBUG SystemBundleService  - Loading FXGL system data
09:53:30.705 [FXGL Background Thread 1 ] DEBUG FileSystemAccess     - Reading from: C:\LBS4\INF\test\testgame\system\fxgl.bundle
09:53:30.728 [FXGL Background Thread 1 ] DEBUG SystemBundleService  - Bundle FXGL: {}
09:53:30.728 [FXGL Background Thread 1 ] DEBUG UpdaterService       - Checking for updates
09:53:30.755 [FXGL Background Thread 4 ] DEBUG FXGLApplication      - Loading fonts
09:53:30.756 [FXGL Background Thread 4 ] DEBUG FXGLAssetLoaderServi - Loading from file system: jar:file:///C:/Users/lukas.KOHLFUERST/.m2/repository/com/github/almasb/fxgl/17.3/fxgl-17.3.jar!/fxglassets/ui/fonts/VarelaRound-Regular.ttf
09:53:30.766 [FXGL Background Thread 1 ] DEBUG FXGLApplication      - Loading default localization
09:53:30.769 [FXGL Background Thread 1 ] DEBUG FXGLAssetLoaderServi - Loading from file system: jar:file:///C:/Users/lukas.KOHLFUERST/.m2/repository/com/github/almasb/fxgl/17.3/fxgl-17.3.jar!/fxglassets/languages/english.lang
09:53:30.894 [FXGL Background Thread 4 ] DEBUG FXGLAssetLoaderServi - Loading from file system: jar:file:///C:/Users/lukas.KOHLFUERST/.m2/repository/com/github/almasb/fxgl/17.3/fxgl-17.3.jar!/fxglassets/ui/fonts/Abel-Regular.ttf
09:53:30.899 [FXGL Background Thread 4 ] DEBUG FXGLAssetLoaderServi - Loading from file system: jar:file:///C:/Users/lukas.KOHLFUERST/.m2/repository/com/github/almasb/fxgl/17.3/fxgl-17.3.jar!/fxglassets/ui/fonts/TerminalLandMono-Regular.otf
09:53:30.902 [FXGL Background Thread 4 ] DEBUG FXGLAssetLoaderServi - Loading from file system: jar:file:///C:/Users/lukas.KOHLFUERST/.m2/repository/com/github/almasb/fxgl/17.3/fxgl-17.3.jar!/fxglassets/ui/fonts/Courier-Prime.ttf
09:53:30.919 [JavaFX Application Thread] DEBUG FXGLApplication      - Registering font factories with UI factory
09:53:30.943 [FXGL Background Thread 1 ] INFO  FXGLApplication      - FXGL initialization took: 1,512 sec
09:53:30.998 [JavaFX Application Thread] DEBUG Input                - Registered new binding: P1 Move Left - A
09:53:30.998 [JavaFX Application Thread] DEBUG Input                - Registered new binding: P1 Move Right - D
09:53:31.012 [JavaFX Application Thread] DEBUG Input                - Registered new binding: P1 Attack - LMB
09:53:31.013 [JavaFX Application Thread] DEBUG Input                - Registered new binding: P1 Parry - RMB
09:53:31.014 [JavaFX Application Thread] DEBUG FXGLAssetLoaderServi - Loading from file system: jar:file:///C:/Users/lukas.KOHLFUERST/.m2/repository/com/github/almasb/fxgl/17.3/fxgl-17.3.jar!/fxglassets/textures/fxgl_icon.png
09:53:31.056 [JavaFX Application Thread] DEBUG FXGLAssetLoaderServi - Loading from file system: jar:file:///C:/Users/lukas.KOHLFUERST/.m2/repository/com/github/almasb/fxgl/17.3/fxgl-17.3.jar!/fxglassets/textures/fxgl_default_cursor.png
09:53:31.066 [JavaFX Application Thread] DEBUG Input                - Registered new binding: Screenshot - CTRL+8
09:53:31.069 [JavaFX Application Thread] DEBUG Input                - Registered new binding: System info dump - CTRL+9
09:53:31.072 [JavaFX Application Thread] DEBUG Input                - Registered new binding: Restart - CTRL+R
09:53:31.077 [JavaFX Application Thread] DEBUG Input                - Registered new binding: Toggle Debug Camera - CTRL+7
09:53:31.099 [JavaFX Application Thread] DEBUG LoopRunner           - Starting loop
09:53:31.100 [JavaFX Application Thread] DEBUG LoopRunner           - Initializing JavaFX AnimationTimerLoop
09:53:31.111 [JavaFX Application Thread] DEBUG GameApplicationServi - Starting new game
09:53:31.112 [JavaFX Application Thread] DEBUG Input                - Clearing active input actions
09:53:31.133 [JavaFX Application Thread] DEBUG GameApplicationServi - Removing overlay from FXGLStartupScene and adding to FXGLLoadingScene
09:53:31.134 [JavaFX Application Thread] DEBUG PrimaryStageWindow   - FXGLStartupScene -> FXGLLoadingScene
09:53:31.134 [JavaFX Application Thread] DEBUG GameApplicationServi - Clearing previous game
09:53:31.134 [JavaFX Application Thread] DEBUG GameScene            - Clearing game scene
09:53:31.134 [JavaFX Application Thread] DEBUG GameWorld            - Clearing game world
09:53:31.134 [JavaFX Application Thread] DEBUG PhysicsWorld         - Clearing physics world
09:53:31.158 [FXGL Background Thread 1 ] DEBUG FXGLApplication      - Initializing game
09:53:31.657 [JavaFX Application Thread] DEBUG LoopRunner           - Stopping loop
09:53:31.670 [JavaFX Application Thread] FATAL FXGLApplication      - Uncaught Exception:
java.lang.RuntimeException: Initialization failed
	at com.almasb.fxgl.all@17.3/com.almasb.fxgl.app.FXGLApplication$InitAppTask.failed(FXGLApplication.kt:343)
	at javafx.graphics@21.0.6/javafx.concurrent.Task.setState(Task.java:710)
	at javafx.graphics@21.0.6/javafx.concurrent.Task$TaskCallable.lambda$call$2(Task.java:1429)
	at javafx.graphics@21.0.6/com.sun.javafx.application.PlatformImpl.lambda$runLater$10(PlatformImpl.java:456)
	at java.base/java.security.AccessController.doPrivileged(AccessController.java:399)
	at javafx.graphics@21.0.6/com.sun.javafx.application.PlatformImpl.lambda$runLater$11(PlatformImpl.java:455)
	at javafx.graphics@21.0.6/com.sun.glass.ui.InvokeLaterDispatcher$Future.run(InvokeLaterDispatcher.java:95)
	at javafx.graphics@21.0.6/com.sun.glass.ui.win.WinApplication._runLoop(Native Method)
	at javafx.graphics@21.0.6/com.sun.glass.ui.win.WinApplication.lambda$runLoop$3(WinApplication.java:185)
	at java.base/java.lang.Thread.run(Thread.java:840)
Caused by: java.lang.UnsupportedClassVersionError: com/example/testgame/PlayerComponent has been compiled by a more recent version of the Java Runtime (class file version 69.0), this version of the Java Runtime only recognizes class file versions up to 61.0
	at java.base/java.lang.ClassLoader.defineClass1(Native Method)
	at java.base/java.lang.ClassLoader.defineClass(ClassLoader.java:1017)
	at java.base/java.lang.ClassLoader.defineClass(ClassLoader.java:1095)
	at java.base/java.security.SecureClassLoader.defineClass(SecureClassLoader.java:182)
	at java.base/jdk.internal.loader.BuiltinClassLoader.defineClass(BuiltinClassLoader.java:821)
	at java.base/jdk.internal.loader.BuiltinClassLoader.findClassInModuleOrNull(BuiltinClassLoader.java:741)
	at java.base/jdk.internal.loader.BuiltinClassLoader.loadClassOrNull(BuiltinClassLoader.java:665)
	at java.base/jdk.internal.loader.BuiltinClassLoader.loadClass(BuiltinClassLoader.java:639)
	at java.base/jdk.internal.loader.ClassLoaders$AppClassLoader.loadClass(ClassLoaders.java:188)
	at java.base/java.lang.ClassLoader.loadClass(ClassLoader.java:525)
	at com.example.testgame@1.0-SNAPSHOT/com.example.testgame.SwordGameFactory.newPlayer(SwordGameFactory.java:19)
	at java.base/jdk.internal.reflect.NativeMethodAccessorImpl.invoke0(Native Method)
	at java.base/jdk.internal.reflect.NativeMethodAccessorImpl.invoke(NativeMethodAccessorImpl.java:77)
	at java.base/jdk.internal.reflect.DelegatingMethodAccessorImpl.invoke(DelegatingMethodAccessorImpl.java:43)
	at java.base/java.lang.reflect.Method.invoke(Method.java:569)
	at com.almasb.fxgl.core@17.3/com.almasb.fxgl.core.reflect.ReflectionUtils.call(ReflectionUtils.java:104)
	at com.almasb.fxgl.core@17.3/com.almasb.fxgl.core.reflect.ReflectionUtils.lambda$mapToFunction$3(ReflectionUtils.java:111)
	at com.almasb.fxgl.entity@17.3/com.almasb.fxgl.entity.GameWorld$create$2.invoke(GameWorld.kt:430)
	at com.almasb.fxgl.entity@17.3/com.almasb.fxgl.entity.GameWorld$create$2.invoke(GameWorld.kt:430)
	at com.almasb.fxgl.core@17.3/com.almasb.fxgl.core.util.DSLKt.tryCatchRoot(DSL.kt:34)
	at com.almasb.fxgl.entity@17.3/com.almasb.fxgl.entity.GameWorld.create(GameWorld.kt:430)
	at com.almasb.fxgl.entity@17.3/com.almasb.fxgl.entity.GameWorld.spawn(GameWorld.kt:396)
	at com.almasb.fxgl.entity@17.3/com.almasb.fxgl.entity.GameWorld.spawn(GameWorld.kt:384)
	at com.almasb.fxgl.all@17.3/com.almasb.fxgl.dsl.FXGL$Companion.spawn(FXGL.kt:557)
	at com.almasb.fxgl.all@17.3/com.almasb.fxgl.dsl.FXGL.spawn(FXGL.kt)
	at com.example.testgame@1.0-SNAPSHOT/com.example.testgame.SwordGameApp.initGame(SwordGameApp.java:53)
	at com.almasb.fxgl.all@17.3/com.almasb.fxgl.app.FXGLApplication$InitAppTask.initGame(FXGLApplication.kt:339)
	at com.almasb.fxgl.all@17.3/com.almasb.fxgl.app.FXGLApplication$InitAppTask.call(FXGLApplication.kt:319)
	at com.almasb.fxgl.all@17.3/com.almasb.fxgl.app.FXGLApplication$InitAppTask.call(FXGLApplication.kt:311)
	at javafx.graphics@21.0.6/javafx.concurrent.Task$TaskCallable.call(Task.java:1399)
	at java.base/java.util.concurrent.FutureTask.run(FutureTask.java:264)
	at java.base/java.util.concurrent.Executors$RunnableAdapter.call(Executors.java:539)
	at java.base/java.util.concurrent.FutureTask.run(FutureTask.java:264)
	at java.base/java.util.concurrent.ThreadPoolExecutor.runWorker(ThreadPoolExecutor.java:1136)
	at java.base/java.util.concurrent.ThreadPoolExecutor$Worker.run(ThreadPoolExecutor.java:635)
	... 1 more

09:53:31.671 [JavaFX Application Thread] FATAL FXGLApplication      - Application will now exit
09:53:31.829 [JavaFX Application Thread] DEBUG PrimaryStageWindow   - Push state: ErrorSubScene
09:53:31.829 [JavaFX Application Thread] DEBUG Input                - Clearing active input actions
09:53:31.864 [JavaFX Application Thread] DEBUG GameApplicationServi - Removing overlay from FXGLLoadingScene and adding to ErrorSubScene
09:53:31.864 [JavaFX Application Thread] DEBUG PrimaryStageWindow   - FXGLLoadingScene -> ErrorSubScene
09:53:32.382 [FXGL Background Thread 2 ] INFO  UpdaterService       - Your current version:  17.3
09:53:32.383 [FXGL Background Thread 2 ] INFO  UpdaterService       - Latest stable version: 25
09:53:33.745 [FXGL Background Thread 3 ] DEBUG Engine               - Logging environment variables
09:53:33.746 [FXGL Background Thread 3 ] DEBUG Engine               - achievements: []
09:53:33.746 [FXGL Background Thread 3 ] DEBUG Engine               - actualHeight: 600.0
09:53:33.746 [FXGL Background Thread 3 ] DEBUG Engine               - actualHeightProperty: ReadOnlyDoubleProperty [value: 600.0]
09:53:33.746 [FXGL Background Thread 3 ] DEBUG Engine               - actualWidth: 800.0
09:53:33.746 [FXGL Background Thread 3 ] DEBUG Engine               - actualWidthProperty: ReadOnlyDoubleProperty [value: 800.0]
09:53:33.746 [FXGL Background Thread 3 ] DEBUG Engine               - appIcon: fxgl_icon.png
09:53:33.746 [FXGL Background Thread 3 ] DEBUG Engine               - applicationMode: DEVELOPER
09:53:33.746 [FXGL Background Thread 3 ] DEBUG Engine               - cSSList: [fxgl_dark.css]
09:53:33.746 [FXGL Background Thread 3 ] DEBUG Engine               - collisionDetectionStrategy: BRUTE_FORCE
09:53:33.746 [FXGL Background Thread 3 ] DEBUG Engine               - configClass: Optional.empty
09:53:33.746 [FXGL Background Thread 3 ] DEBUG Engine               - credits: []
09:53:33.747 [FXGL Background Thread 3 ] DEBUG Engine               - defaultCursor: CursorInfo(imageName=fxgl_default_cursor.png, hotspotX=7.0, hotspotY=6.0)
09:53:33.747 [FXGL Background Thread 3 ] DEBUG Engine               - devBBoxColorProperty: ObjectProperty [value: 0xff0000ff]
09:53:33.747 [FXGL Background Thread 3 ] DEBUG Engine               - devEnableDebugCameraProperty: BooleanProperty [value: false]
09:53:33.747 [FXGL Background Thread 3 ] DEBUG Engine               - devSensorColorProperty: ObjectProperty [value: 0xffff00ff]
09:53:33.747 [FXGL Background Thread 3 ] DEBUG Engine               - devShowBBoxProperty: BooleanProperty [value: false]
09:53:33.747 [FXGL Background Thread 3 ] DEBUG Engine               - devShowPositionProperty: BooleanProperty [value: false]
09:53:33.747 [FXGL Background Thread 3 ] DEBUG Engine               - enabledMenuItems: []
09:53:33.747 [FXGL Background Thread 3 ] DEBUG Engine               - engineServices: [class com.almasb.fxgl.app.services.FXGLAssetLoaderService, class com.almasb.fxgl.app.FXGLApplication$GameApplicationService, class com.almasb.fxgl.app.services.FXGLDialogService, class com.almasb.fxgl.app.services.IOTaskExecutorService, class com.almasb.fxgl.io.FileSystemService, class com.almasb.fxgl.localization.LocalizationService, class com.almasb.fxgl.app.services.SystemBundleService, class com.almasb.fxgl.profile.SaveLoadService, class com.almasb.fxgl.ui.FXGLUIFactoryServiceProvider, class com.almasb.fxgl.ui.FXGLDialogFactoryServiceProvider, class com.almasb.fxgl.audio.AudioPlayer, class com.almasb.fxgl.notification.impl.NotificationServiceProvider, class com.almasb.fxgl.achievement.AchievementService, class com.almasb.fxgl.cutscene.CutsceneService, class com.almasb.fxgl.minigames.MiniGameService, class com.almasb.fxgl.net.NetService, class com.almasb.fxgl.app.services.UpdaterService, class com.almasb.fxgl.dev.DevService]
09:53:33.747 [FXGL Background Thread 3 ] DEBUG Engine               - fontGame: Abel-Regular.ttf
09:53:33.748 [FXGL Background Thread 3 ] DEBUG Engine               - fontMono: TerminalLandMono-Regular.otf
09:53:33.748 [FXGL Background Thread 3 ] DEBUG Engine               - fontSizeScaleUI: 1.0
09:53:33.748 [FXGL Background Thread 3 ] DEBUG Engine               - fontText: Courier-Prime.ttf
09:53:33.748 [FXGL Background Thread 3 ] DEBUG Engine               - fontUI: VarelaRound-Regular.ttf
09:53:33.748 [FXGL Background Thread 3 ] DEBUG Engine               - fullScreen: BooleanProperty [value: false]
09:53:33.748 [FXGL Background Thread 3 ] DEBUG Engine               - gameDifficulty: MEDIUM
09:53:33.748 [FXGL Background Thread 3 ] DEBUG Engine               - gameDifficultyProperty: ObjectProperty [value: MEDIUM]
09:53:33.748 [FXGL Background Thread 3 ] DEBUG Engine               - globalMusicVolume: 0.5
09:53:33.748 [FXGL Background Thread 3 ] DEBUG Engine               - globalMusicVolumeProperty: DoubleProperty [value: 0.5]
09:53:33.748 [FXGL Background Thread 3 ] DEBUG Engine               - globalSoundVolume: 0.5
09:53:33.748 [FXGL Background Thread 3 ] DEBUG Engine               - globalSoundVolumeProperty: DoubleProperty [value: 0.5]
09:53:33.748 [FXGL Background Thread 3 ] DEBUG Engine               - height: 600
09:53:33.748 [FXGL Background Thread 3 ] DEBUG Engine               - is3D: false
09:53:33.748 [FXGL Background Thread 3 ] DEBUG Engine               - isAndroid: false
09:53:33.748 [FXGL Background Thread 3 ] DEBUG Engine               - isBrowser: false
09:53:33.748 [FXGL Background Thread 3 ] DEBUG Engine               - isClickFeedbackEnabled: false
09:53:33.748 [FXGL Background Thread 3 ] DEBUG Engine               - isCloseConfirmation: false
09:53:33.748 [FXGL Background Thread 3 ] DEBUG Engine               - isDesktop: true
09:53:33.748 [FXGL Background Thread 3 ] DEBUG Engine               - isDeveloperMenuEnabled: false
09:53:33.748 [FXGL Background Thread 3 ] DEBUG Engine               - isEmbedded: false
09:53:33.748 [FXGL Background Thread 3 ] DEBUG Engine               - isEntityPreloadEnabled: true
09:53:33.748 [FXGL Background Thread 3 ] DEBUG Engine               - isExperimentalTiledLargeMap: false
09:53:33.748 [FXGL Background Thread 3 ] DEBUG Engine               - isFileSystemWriteAllowed: true
09:53:33.749 [FXGL Background Thread 3 ] DEBUG Engine               - isFullScreenAllowed: false
09:53:33.749 [FXGL Background Thread 3 ] DEBUG Engine               - isFullScreenFromStart: false
09:53:33.749 [FXGL Background Thread 3 ] DEBUG Engine               - isGameMenuEnabled: true
09:53:33.749 [FXGL Background Thread 3 ] DEBUG Engine               - isIOS: false
09:53:33.749 [FXGL Background Thread 3 ] DEBUG Engine               - isIntroEnabled: false
09:53:33.749 [FXGL Background Thread 3 ] DEBUG Engine               - isLinux: false
09:53:33.749 [FXGL Background Thread 3 ] DEBUG Engine               - isMac: false
09:53:33.749 [FXGL Background Thread 3 ] DEBUG Engine               - isMainMenuEnabled: false
09:53:33.749 [FXGL Background Thread 3 ] DEBUG Engine               - isManualResizeEnabled: false
09:53:33.749 [FXGL Background Thread 3 ] DEBUG Engine               - isMobile: false
09:53:33.749 [FXGL Background Thread 3 ] DEBUG Engine               - isNative: false
09:53:33.749 [FXGL Background Thread 3 ] DEBUG Engine               - isPauseMusicWhenMinimized: true
09:53:33.749 [FXGL Background Thread 3 ] DEBUG Engine               - isPreserveResizeRatio: false
09:53:33.749 [FXGL Background Thread 3 ] DEBUG Engine               - isProfilingEnabled: false
09:53:33.749 [FXGL Background Thread 3 ] DEBUG Engine               - isScaleAffectedOnResize: true
09:53:33.749 [FXGL Background Thread 3 ] DEBUG Engine               - isSingleStep: false
09:53:33.749 [FXGL Background Thread 3 ] DEBUG Engine               - isUserProfileEnabled: false
09:53:33.749 [FXGL Background Thread 3 ] DEBUG Engine               - isWindows: true
09:53:33.749 [FXGL Background Thread 3 ] DEBUG Engine               - language: ObjectProperty [value: ENGLISH]
09:53:33.749 [FXGL Background Thread 3 ] DEBUG Engine               - menuKey: ESCAPE
09:53:33.749 [FXGL Background Thread 3 ] DEBUG Engine               - mouseSensitivity: 0.2
09:53:33.749 [FXGL Background Thread 3 ] DEBUG Engine               - notificationViewClass: class com.almasb.fxgl.notification.view.XboxNotificationView
09:53:33.749 [FXGL Background Thread 3 ] DEBUG Engine               - pixelsPerMeter: 50.0
09:53:33.749 [FXGL Background Thread 3 ] DEBUG Engine               - platform: WINDOWS
09:53:33.749 [FXGL Background Thread 3 ] DEBUG Engine               - prefHeightProperty: ReadOnlyDoubleProperty [value: 600.0]
09:53:33.749 [FXGL Background Thread 3 ] DEBUG Engine               - prefWidthProperty: ReadOnlyDoubleProperty [value: 800.0]
09:53:33.749 [FXGL Background Thread 3 ] DEBUG Engine               - profileDir: profiles/
09:53:33.749 [FXGL Background Thread 3 ] DEBUG Engine               - profileName: StringProperty [value: DEFAULT]
09:53:33.749 [FXGL Background Thread 3 ] DEBUG Engine               - randomSeed: -1
09:53:33.750 [FXGL Background Thread 3 ] DEBUG Engine               - runtimeInfo: RuntimeInfo(platform=WINDOWS, version=17.3, build=30.03.2023 11.49)
09:53:33.750 [FXGL Background Thread 3 ] DEBUG Engine               - saveFileExt: sav
09:53:33.750 [FXGL Background Thread 3 ] DEBUG Engine               - scaledHeightProp$fxgl: DoubleProperty [bound, value: 600.0]
09:53:33.750 [FXGL Background Thread 3 ] DEBUG Engine               - scaledWidthProp$fxgl: DoubleProperty [bound, value: 800.0]
09:53:33.750 [FXGL Background Thread 3 ] DEBUG Engine               - sceneFactory: com.almasb.fxgl.app.scene.SceneFactory@5e35a0a2
09:53:33.750 [FXGL Background Thread 3 ] DEBUG Engine               - secondsIn24h: 60
09:53:33.750 [FXGL Background Thread 3 ] DEBUG Engine               - soundMenuBack: menu/back.wav
09:53:33.750 [FXGL Background Thread 3 ] DEBUG Engine               - soundMenuPress: menu/press.wav
09:53:33.750 [FXGL Background Thread 3 ] DEBUG Engine               - soundMenuSelect: menu/select.wav
09:53:33.750 [FXGL Background Thread 3 ] DEBUG Engine               - soundNotification: core/notification.wav
09:53:33.751 [FXGL Background Thread 3 ] DEBUG Engine               - stageStyle: DECORATED
09:53:33.751 [FXGL Background Thread 3 ] DEBUG Engine               - supportedLanguages: [ENGLISH, FRENCH, GERMAN, HUNGARIAN, RUSSIAN]
09:53:33.751 [FXGL Background Thread 3 ] DEBUG Engine               - ticksPerSecond: -1
09:53:33.751 [FXGL Background Thread 3 ] DEBUG Engine               - title: Simple Sword Fight
09:53:33.751 [FXGL Background Thread 3 ] DEBUG Engine               - urlGithub: https://github.com/AlmasB/FXGL
09:53:33.751 [FXGL Background Thread 3 ] DEBUG Engine               - urlLeaderboard: http://fxgl-top.herokuapp.com/
09:53:33.752 [FXGL Background Thread 3 ] DEBUG Engine               - urlPOM: https://raw.githubusercontent.com/AlmasB/FXGL/release/README.md
09:53:33.752 [FXGL Background Thread 3 ] DEBUG Engine               - userAppClass: class com.example.testgame.SwordGameApp
09:53:33.752 [FXGL Background Thread 3 ] DEBUG Engine               - version: 0.1
09:53:33.752 [FXGL Background Thread 3 ] DEBUG Engine               - versionCheckDays: 7
09:53:33.752 [FXGL Background Thread 3 ] DEBUG Engine               - width: 800
09:53:33.752 [FXGL Background Thread 3 ] DEBUG Engine               - Logging services
09:53:33.752 [FXGL Background Thread 3 ] DEBUG Engine               - class com.almasb.fxgl.app.services.FXGLAssetLoaderService
09:53:33.752 [FXGL Background Thread 3 ] DEBUG Engine               - class com.almasb.fxgl.app.FXGLApplication$GameApplicationService
09:53:33.752 [FXGL Background Thread 3 ] DEBUG Engine               - class com.almasb.fxgl.app.services.FXGLDialogService
09:53:33.752 [FXGL Background Thread 3 ] DEBUG Engine               - class com.almasb.fxgl.app.services.IOTaskExecutorService
09:53:33.752 [FXGL Background Thread 3 ] DEBUG Engine               - class com.almasb.fxgl.io.FileSystemService
09:53:33.752 [FXGL Background Thread 3 ] DEBUG Engine               - class com.almasb.fxgl.localization.LocalizationService
09:53:33.752 [FXGL Background Thread 3 ] DEBUG Engine               - class com.almasb.fxgl.app.services.SystemBundleService
09:53:33.752 [FXGL Background Thread 3 ] DEBUG Engine               - class com.almasb.fxgl.profile.SaveLoadService
09:53:33.752 [FXGL Background Thread 3 ] DEBUG Engine               - class com.almasb.fxgl.ui.FXGLUIFactoryServiceProvider
09:53:33.752 [FXGL Background Thread 3 ] DEBUG Engine               - class com.almasb.fxgl.ui.FXGLDialogFactoryServiceProvider
09:53:33.752 [FXGL Background Thread 3 ] DEBUG Engine               - class com.almasb.fxgl.audio.AudioPlayer
09:53:33.752 [FXGL Background Thread 3 ] DEBUG Engine               - class com.almasb.fxgl.notification.impl.NotificationServiceProvider
09:53:33.752 [FXGL Background Thread 3 ] DEBUG Engine               - class com.almasb.fxgl.achievement.AchievementService
09:53:33.752 [FXGL Background Thread 3 ] DEBUG Engine               - class com.almasb.fxgl.cutscene.CutsceneService
09:53:33.752 [FXGL Background Thread 3 ] DEBUG Engine               - class com.almasb.fxgl.minigames.MiniGameService
09:53:33.752 [FXGL Background Thread 3 ] DEBUG Engine               - class com.almasb.fxgl.net.NetService
09:53:33.752 [FXGL Background Thread 3 ] DEBUG Engine               - class com.almasb.fxgl.app.services.UpdaterService
09:53:33.752 [FXGL Background Thread 3 ] DEBUG Engine               - class com.almasb.fxgl.dev.DevService
09:53:35.551 [JavaFX Application Thread] DEBUG FXGLApplication      - Exiting FXGL
09:53:35.551 [JavaFX Application Thread] DEBUG Async                - Shutting down background threads
09:53:35.551 [JavaFX Application Thread] DEBUG PrimaryStageWindow   - Closing main window
09:53:35.599 [JavaFX Application Thread] DEBUG Logger               - Closing Logger
